Using pre-set license
Built from '2023.2/china_unity/7f1' branch; Version is '2023.2.7f1c1 (1abbebd69101) revision 1752043'; Using compiler version '193431935'; Build Type 'Release'
OS: 'Windows 11  (10.0.22621) 64bit CoreCountrySpecific' Language: 'zh' Physical Memory: 32472 MB
BatchMode: 1, IsHumanControllingUs: 0, StartBugReporterOnCrash: 0, Is64bit: 1, IsPro: 1

COMMAND LINE ARGUMENTS:
A:\UNIty\Unity_editor\2023.2.7f1c1\Editor\Unity.exe
-adb2
-batchMode
-noUpm
-name
AssetImportWorker4
-projectPath
A:/Google/魔兽争霸/War3Project
-logFile
Logs/AssetImportWorker4.log
-srvPort
55245
-job-worker-count
9
-background-job-worker-count
8
-asset-garbage-collectors
1
Successfully changed project path to: A:/Google/魔兽争霸/War3Project
A:/Google/魔兽争霸/War3Project
[UnityMemory] Configuration Parameters - Can be set up in boot.config
    "memorysetup-bucket-allocator-granularity=16"
    "memorysetup-bucket-allocator-bucket-count=8"
    "memorysetup-bucket-allocator-block-size=33554432"
    "memorysetup-bucket-allocator-block-count=8"
    "memorysetup-main-allocator-block-size=16777216"
    "memorysetup-thread-allocator-block-size=16777216"
    "memorysetup-gfx-main-allocator-block-size=16777216"
    "memorysetup-gfx-thread-allocator-block-size=16777216"
    "memorysetup-cache-allocator-block-size=4194304"
    "memorysetup-typetree-allocator-block-size=2097152"
    "memorysetup-profiler-bucket-allocator-granularity=16"
    "memorysetup-profiler-bucket-allocator-bucket-count=8"
    "memorysetup-profiler-bucket-allocator-block-size=33554432"
    "memorysetup-profiler-bucket-allocator-block-count=8"
    "memorysetup-profiler-allocator-block-size=16777216"
    "memorysetup-profiler-editor-allocator-block-size=1048576"
    "memorysetup-temp-allocator-size-main=16777216"
    "memorysetup-job-temp-allocator-block-size=2097152"
    "memorysetup-job-temp-allocator-block-size-background=1048576"
    "memorysetup-job-temp-allocator-reduction-small-platforms=262144"
    "memorysetup-allocator-temp-initial-block-size-main=262144"
    "memorysetup-allocator-temp-initial-block-size-worker=262144"
    "memorysetup-temp-allocator-size-background-worker=32768"
    "memorysetup-temp-allocator-size-job-worker=262144"
    "memorysetup-temp-allocator-size-preload-manager=33554432"
    "memorysetup-temp-allocator-size-nav-mesh-worker=65536"
    "memorysetup-temp-allocator-size-audio-worker=65536"
    "memorysetup-temp-allocator-size-cloud-worker=32768"
    "memorysetup-temp-allocator-size-gi-baking-worker=262144"
    "memorysetup-temp-allocator-size-gi-baking-worker=262144"
    "memorysetup-temp-allocator-size-gi-baking-worker=262144"
    "memorysetup-temp-allocator-size-gi-baking-worker=262144"
    "memorysetup-temp-allocator-size-gfx=262144"
Player connection [313332] Host "[IP] 192.168.154.1 [Port] 0 [Flags] 2 [Guid] 3688939399 [EditorId] 3688939399 [Version] 1048832 [Id] WindowsEditor(7,DESKTOP-Q95652Q) [Debug] 1 [PackageName] WindowsEditor [ProjectName] Editor" joined multi-casting on [225.0.0.222:54997]...
Player connection [313332] Host "[IP] 192.168.154.1 [Port] 0 [Flags] 2 [Guid] 3688939399 [EditorId] 3688939399 [Version] 1048832 [Id] WindowsEditor(7,DESKTOP-Q95652Q) [Debug] 1 [PackageName] WindowsEditor [ProjectName] Editor" joined alternative multi-casting on [225.0.0.222:34997]...
JobSystem: Creating JobQueue using job-worker-count value 9
[Physics::Module] Initialized MultithreadedJobDispatcher with 9 workers.
Library Redirect Path: Library/
Refreshing native plugins compatible for Editor in 2.83 ms, found 3 plugins.
Preloading 0 native plugins for Editor in 0.00 ms.
Initialize engine version: 2023.2.7f1c1 (1abbebd69101)
[Subsystems] Discovering subsystems at path A:/UNIty/Unity_editor/2023.2.7f1c1/Editor/Data/Resources/UnitySubsystems
[Subsystems] Discovering subsystems at path A:/Google/魔兽争霸/War3Project/Assets
GfxDevice: creating device client; kGfxThreadingModeNonThreaded
Direct3D:
    Version:  Direct3D 11.0 [level 11.1]
    Renderer: NVIDIA GeForce RTX 3060 Laptop GPU (ID=0x2520)
    Vendor:   NVIDIA
    VRAM:     6009 MB
    Driver:   31.0.15.3598
Initialize mono
Mono path[0] = 'A:/UNIty/Unity_editor/2023.2.7f1c1/Editor/Data/Managed'
Mono path[1] = 'A:/UNIty/Unity_editor/2023.2.7f1c1/Editor/Data/MonoBleedingEdge/lib/mono/unityjit-win32'
Mono config path = 'A:/UNIty/Unity_editor/2023.2.7f1c1/Editor/Data/MonoBleedingEdge/etc'
Using monoOptions --debugger-agent=transport=dt_socket,embedding=1,server=y,suspend=n,address=127.0.0.1:56296
Begin MonoManager ReloadAssembly
C:\build\output\Unity-Technologies\mono\mono\metadata\icall.c:1842:
C:\build\output\Unity-Technologies\mono\mono\metadata\icall.c:1842:
C:\build\output\Unity-Technologies\mono\mono\metadata\icall.c:1842:
C:\build\output\Unity-Technologies\mono\mono\metadata\icall.c:1842:
C:\build\output\Unity-Technologies\mono\mono\metadata\icall.c:1842:
C:\build\output\Unity-Technologies\mono\mono\metadata\icall.c:1842:
C:\build\output\Unity-Technologies\mono\mono\metadata\icall.c:1842:
C:\build\output\Unity-Technologies\mono\mono\metadata\icall.c:1842:
C:\build\output\Unity-Technologies\mono\mono\metadata\icall.c:1842:
C:\build\output\Unity-Technologies\mono\mono\metadata\icall.c:1842:
Registering precompiled unity dll's ...
Register platform support module: A:/UNIty/Unity_editor/2023.2.7f1c1/Editor/Data/PlaybackEngines/WindowsStandaloneSupport/UnityEditor.WindowsStandalone.Extensions.dll
Register platform support module: A:/UNIty/Unity_editor/2023.2.7f1c1/Editor/Data/PlaybackEngines/AndroidPlayer/UnityEditor.Android.Extensions.dll
Registered in 0.002396 seconds.
- Loaded All Assemblies, in  0.344 seconds
Native extension for Android target not found
Android Extension - Scanning For ADB Devices 504 ms
Native extension for WindowsStandalone target not found
Mono: successfully reloaded assembly
C:\build\output\Unity-Technologies\mono\mono\metadata\icall.c:1842:
C:\build\output\Unity-Technologies\mono\mono\metadata\icall.c:1842:
- Finished resetting the current domain, in  0.842 seconds
Domain Reload Profiling: 1186ms
	BeginReloadAssembly (125ms)
		ExecutionOrderSort (0ms)
		DisableScriptedObjects (0ms)
		BackupInstance (0ms)
		ReleaseScriptingObjects (0ms)
		CreateAndSetChildDomain (1ms)
	RebuildCommonClasses (29ms)
	RebuildNativeTypeToScriptingClass (10ms)
	initialDomainReloadingComplete (39ms)
	LoadAllAssembliesAndSetupDomain (140ms)
		LoadAssemblies (125ms)
		RebuildTransferFunctionScriptingTraits (0ms)
		AnalyzeDomain (138ms)
			TypeCache.Refresh (136ms)
				TypeCache.ScanAssembly (125ms)
			BuildScriptInfoCaches (0ms)
			ResolveRequiredComponents (0ms)
	FinalizeReload (842ms)
		ReleaseScriptCaches (0ms)
		RebuildScriptCaches (0ms)
		SetupLoadedEditorAssemblies (799ms)
			LogAssemblyErrors (0ms)
			InitializePlatformSupportModulesInManaged (606ms)
			SetLoadedEditorAssemblies (3ms)
			BeforeProcessingInitializeOnLoad (6ms)
			ProcessInitializeOnLoadAttributes (136ms)
			ProcessInitializeOnLoadMethodAttributes (48ms)
			AfterProcessingInitializeOnLoad (0ms)
			EditorAssembliesLoaded (0ms)
		ExecutionOrderSort2 (0ms)
		AwakeInstancesAfterBackupRestoration (0ms)
========================================================================
Worker process is ready to serve import requests
Import Worker Mode flag is 0x00
Begin MonoManager ReloadAssembly
C:\build\output\Unity-Technologies\mono\mono\metadata\icall.c:1842:
C:\build\output\Unity-Technologies\mono\mono\metadata\icall.c:1842:
C:\build\output\Unity-Technologies\mono\mono\metadata\icall.c:1842:
C:\build\output\Unity-Technologies\mono\mono\metadata\icall.c:1842:
C:\build\output\Unity-Technologies\mono\mono\metadata\icall.c:1842:
C:\build\output\Unity-Technologies\mono\mono\metadata\icall.c:1842:
C:\build\output\Unity-Technologies\mono\mono\metadata\icall.c:1842:
C:\build\output\Unity-Technologies\mono\mono\metadata\icall.c:1842:
C:\build\output\Unity-Technologies\mono\mono\metadata\icall.c:1842:
C:\build\output\Unity-Technologies\mono\mono\metadata\icall.c:1842:
C:\build\output\Unity-Technologies\mono\mono\metadata\icall.c:1842:
C:\build\output\Unity-Technologies\mono\mono\metadata\icall.c:1842:
Symbol file LoadedFromMemory doesn't match image A:\Google\魔兽争霸\War3Project\Library\PackageCache\com.unity.visualscripting@1.8.0\Editor\VisualScripting.Core\Dependencies\YamlDotNet\Unity.VisualScripting.YamlDotNet.dll
Symbol file LoadedFromMemory doesn't match image A:\Google\魔兽争霸\War3Project\Library\PackageCache\com.unity.visualscripting@1.8.0\Editor\VisualScripting.Core\Dependencies\DotNetZip\Unity.VisualScripting.IonicZip.dll
- Loaded All Assemblies, in  0.745 seconds
Refreshing native plugins compatible for Editor in 0.44 ms, found 3 plugins.
Native extension for Android target not found
Native extension for WindowsStandalone target not found
Mono: successfully reloaded assembly
- Finished resetting the current domain, in  0.661 seconds
Domain Reload Profiling: 1406ms
	BeginReloadAssembly (291ms)
		ExecutionOrderSort (0ms)
		DisableScriptedObjects (4ms)
		BackupInstance (0ms)
		ReleaseScriptingObjects (0ms)
		CreateAndSetChildDomain (28ms)
	RebuildCommonClasses (32ms)
	RebuildNativeTypeToScriptingClass (10ms)
	initialDomainReloadingComplete (30ms)
	LoadAllAssembliesAndSetupDomain (381ms)
		LoadAssemblies (339ms)
		RebuildTransferFunctionScriptingTraits (0ms)
		AnalyzeDomain (136ms)
			TypeCache.Refresh (113ms)
				TypeCache.ScanAssembly (99ms)
			BuildScriptInfoCaches (17ms)
			ResolveRequiredComponents (3ms)
	FinalizeReload (662ms)
		ReleaseScriptCaches (0ms)
		RebuildScriptCaches (0ms)
		SetupLoadedEditorAssemblies (489ms)
			LogAssemblyErrors (0ms)
			InitializePlatformSupportModulesInManaged (15ms)
			SetLoadedEditorAssemblies (4ms)
			BeforeProcessingInitializeOnLoad (25ms)
			ProcessInitializeOnLoadAttributes (425ms)
			ProcessInitializeOnLoadMethodAttributes (18ms)
			AfterProcessingInitializeOnLoad (2ms)
			EditorAssembliesLoaded (0ms)
		ExecutionOrderSort2 (0ms)
		AwakeInstancesAfterBackupRestoration (6ms)
Launched and connected shader compiler UnityShaderCompiler.exe after 0.01 seconds
Refreshing native plugins compatible for Editor in 0.40 ms, found 3 plugins.
Preloading 0 native plugins for Editor in 0.00 ms.
Unloading 11 Unused Serialized files (Serialized files now loaded: 0)
Unloading 3064 unused Assets / (1.0 MB). Loaded Objects now: 3639.
Memory consumption went from 121.5 MB to 120.5 MB.
Total: 5.361500 ms (FindLiveObjects: 0.312800 ms CreateObjectMapping: 0.206500 ms MarkObjects: 4.013700 ms  DeleteObjects: 0.826800 ms)

========================================================================
Received Prepare
Refreshing native plugins compatible for Editor in 0.64 ms, found 3 plugins.
Preloading 0 native plugins for Editor in 0.00 ms.
Unloading 0 Unused Serialized files (Serialized files now loaded: 0)
Unloading 3057 unused Assets / (1.0 MB). Loaded Objects now: 3639.
Memory consumption went from 117.8 MB to 116.8 MB.
Total: 6.658600 ms (FindLiveObjects: 0.302100 ms CreateObjectMapping: 0.235000 ms MarkObjects: 4.821600 ms  DeleteObjects: 1.297900 ms)

Prepare: number of updated asset objects reloaded= 0
========================================================================
Received Import Request.
  Time since last request: 479780.226986 seconds.
  path: Assets/Scripts/My_Rewriting_Script/Mining.cs
  artifactKey: Guid(81f55f5b989ed3e4fa30e2702c838461) Importer(2089858483,192608db42251d675da83286b1cce702)
Start importing Assets/Scripts/My_Rewriting_Script/Mining.cs using Guid(81f55f5b989ed3e4fa30e2702c838461) Importer(2089858483,192608db42251d675da83286b1cce702) (ScriptedImporter)Generated GUIDs only implemented for interfaces!
 -> (artifact id: '578826c7227aae525cd5cb8a6990d20a') in 0.0838426 seconds
Number of updated asset objects reloaded before import = 0Number of asset objects unloaded after import = 0

========================================================================
Received Prepare
Refreshing native plugins compatible for Editor in 0.50 ms, found 3 plugins.
Preloading 0 native plugins for Editor in 0.00 ms.
Unloading 0 Unused Serialized files (Serialized files now loaded: 0)
Unloading 3057 unused Assets / (0.7 MB). Loaded Objects now: 3641.
Memory consumption went from 118.4 MB to 117.6 MB.
Total: 5.958200 ms (FindLiveObjects: 0.302800 ms CreateObjectMapping: 0.207500 ms MarkObjects: 4.641500 ms  DeleteObjects: 0.805000 ms)

Prepare: number of updated asset objects reloaded= 0
========================================================================
Received Import Request.
  Time since last request: 4.637766 seconds.
  path: Assets/Scripts/My_Rewriting_Script/Games_Controller.cs
  artifactKey: Guid(b44380bdfa50ef54c852c842cf58dd97) Importer(2089858483,192608db42251d675da83286b1cce702)
Start importing Assets/Scripts/My_Rewriting_Script/Games_Controller.cs using Guid(b44380bdfa50ef54c852c842cf58dd97) Importer(2089858483,192608db42251d675da83286b1cce702) (ScriptedImporter)Generated GUIDs only implemented for interfaces!
 -> (artifact id: 'baf3611fe5133aa4098d9a8d77672fd7') in 0.0120866 seconds
Number of updated asset objects reloaded before import = 0Number of asset objects unloaded after import = 0

========================================================================
Received Prepare
Refreshing native plugins compatible for Editor in 0.77 ms, found 3 plugins.
Preloading 0 native plugins for Editor in 0.00 ms.
Unloading 0 Unused Serialized files (Serialized files now loaded: 0)
Unloading 3057 unused Assets / (0.8 MB). Loaded Objects now: 3641.
Memory consumption went from 118.4 MB to 117.5 MB.
Total: 4.994500 ms (FindLiveObjects: 0.490600 ms CreateObjectMapping: 0.116500 ms MarkObjects: 3.633300 ms  DeleteObjects: 0.752600 ms)

Prepare: number of updated asset objects reloaded= 0
========================================================================
Received Import Request.
  Time since last request: 71.970846 seconds.
  path: Assets/Scripts/My_Rewriting_Script/Games_Controller.cs
  artifactKey: Guid(b44380bdfa50ef54c852c842cf58dd97) Importer(2089858483,192608db42251d675da83286b1cce702)
Start importing Assets/Scripts/My_Rewriting_Script/Games_Controller.cs using Guid(b44380bdfa50ef54c852c842cf58dd97) Importer(2089858483,192608db42251d675da83286b1cce702) (ScriptedImporter)Generated GUIDs only implemented for interfaces!
 -> (artifact id: '5421dc95b7b55707927e935deb485b80') in 0.0045574 seconds
Number of updated asset objects reloaded before import = 0Number of asset objects unloaded after import = 0

========================================================================
Received Prepare
Refreshing native plugins compatible for Editor in 0.94 ms, found 3 plugins.
Preloading 0 native plugins for Editor in 0.00 ms.
Unloading 0 Unused Serialized files (Serialized files now loaded: 0)
Unloading 3057 unused Assets / (1.3 MB). Loaded Objects now: 3641.
Memory consumption went from 118.4 MB to 117.1 MB.
Total: 8.705000 ms (FindLiveObjects: 0.519800 ms CreateObjectMapping: 0.249400 ms MarkObjects: 5.898100 ms  DeleteObjects: 2.035900 ms)

Prepare: number of updated asset objects reloaded= 0
========================================================================
Received Import Request.
  Time since last request: 41.812858 seconds.
  path: Assets/Scripts/My_Rewriting_Script/Games_Controller.cs
  artifactKey: Guid(b44380bdfa50ef54c852c842cf58dd97) Importer(2089858483,192608db42251d675da83286b1cce702)
Start importing Assets/Scripts/My_Rewriting_Script/Games_Controller.cs using Guid(b44380bdfa50ef54c852c842cf58dd97) Importer(2089858483,192608db42251d675da83286b1cce702) (ScriptedImporter)Generated GUIDs only implemented for interfaces!
 -> (artifact id: '3b2e327b6cb08cada9220c24b8608649') in 0.0190894 seconds
Number of updated asset objects reloaded before import = 0Number of asset objects unloaded after import = 0

========================================================================
Received Prepare
Refreshing native plugins compatible for Editor in 0.50 ms, found 3 plugins.
Preloading 0 native plugins for Editor in 0.00 ms.
Unloading 0 Unused Serialized files (Serialized files now loaded: 0)
Unloading 3057 unused Assets / (0.9 MB). Loaded Objects now: 3641.
Memory consumption went from 118.4 MB to 117.5 MB.
Total: 4.767000 ms (FindLiveObjects: 0.306300 ms CreateObjectMapping: 0.196600 ms MarkObjects: 3.533900 ms  DeleteObjects: 0.729400 ms)

Prepare: number of updated asset objects reloaded= 0
========================================================================
Received Import Request.
  Time since last request: 9.552452 seconds.
  path: Assets/Scripts/My_Rewriting_Script/Games_Controller.cs
  artifactKey: Guid(b44380bdfa50ef54c852c842cf58dd97) Importer(2089858483,192608db42251d675da83286b1cce702)
Start importing Assets/Scripts/My_Rewriting_Script/Games_Controller.cs using Guid(b44380bdfa50ef54c852c842cf58dd97) Importer(2089858483,192608db42251d675da83286b1cce702) (ScriptedImporter)Generated GUIDs only implemented for interfaces!
 -> (artifact id: '0168b7118548cf8c58a781d83162408a') in 0.0217743 seconds
Number of updated asset objects reloaded before import = 0Number of asset objects unloaded after import = 0

========================================================================
Received Prepare
Refreshing native plugins compatible for Editor in 0.61 ms, found 3 plugins.
Preloading 0 native plugins for Editor in 0.00 ms.
Unloading 0 Unused Serialized files (Serialized files now loaded: 0)
Unloading 3057 unused Assets / (0.6 MB). Loaded Objects now: 3641.
Memory consumption went from 118.4 MB to 117.8 MB.
Total: 5.633600 ms (FindLiveObjects: 0.401500 ms CreateObjectMapping: 0.158000 ms MarkObjects: 4.458600 ms  DeleteObjects: 0.614100 ms)

Prepare: number of updated asset objects reloaded= 0
========================================================================
Received Import Request.
  Time since last request: 945.228665 seconds.
  path: Assets/Scripts/My_Rewriting_Script/Character_Player.cs
  artifactKey: Guid(f9681217e9f275446a8634d252ee509e) Importer(2089858483,192608db42251d675da83286b1cce702)
Start importing Assets/Scripts/My_Rewriting_Script/Character_Player.cs using Guid(f9681217e9f275446a8634d252ee509e) Importer(2089858483,192608db42251d675da83286b1cce702) (ScriptedImporter)Generated GUIDs only implemented for interfaces!
 -> (artifact id: '36394dce386d2bcbbe89548b460156a8') in 0.0088389 seconds
Number of updated asset objects reloaded before import = 0Number of asset objects unloaded after import = 0

========================================================================
Received Prepare
Refreshing native plugins compatible for Editor in 0.81 ms, found 3 plugins.
Preloading 0 native plugins for Editor in 0.00 ms.
Unloading 0 Unused Serialized files (Serialized files now loaded: 0)
Unloading 3057 unused Assets / (0.9 MB). Loaded Objects now: 3641.
Memory consumption went from 118.4 MB to 117.5 MB.
Total: 9.498100 ms (FindLiveObjects: 1.034600 ms CreateObjectMapping: 0.343900 ms MarkObjects: 6.986500 ms  DeleteObjects: 1.129900 ms)

Prepare: number of updated asset objects reloaded= 0
========================================================================
Received Import Request.
  Time since last request: 1385.420484 seconds.
  path: Assets/Scripts/My_Rewriting_Script/Character_Player.cs
  artifactKey: Guid(f9681217e9f275446a8634d252ee509e) Importer(2089858483,192608db42251d675da83286b1cce702)
Start importing Assets/Scripts/My_Rewriting_Script/Character_Player.cs using Guid(f9681217e9f275446a8634d252ee509e) Importer(2089858483,192608db42251d675da83286b1cce702) (ScriptedImporter)Generated GUIDs only implemented for interfaces!
 -> (artifact id: '8bb1d2242db092874a71251edcd87f2c') in 0.0052515 seconds
Number of updated asset objects reloaded before import = 0Number of asset objects unloaded after import = 0

========================================================================
Received Prepare
Refreshing native plugins compatible for Editor in 0.37 ms, found 3 plugins.
Preloading 0 native plugins for Editor in 0.00 ms.
Unloading 0 Unused Serialized files (Serialized files now loaded: 0)
Unloading 3057 unused Assets / (0.8 MB). Loaded Objects now: 3641.
Memory consumption went from 118.4 MB to 117.6 MB.
Total: 6.218200 ms (FindLiveObjects: 0.303400 ms CreateObjectMapping: 0.425500 ms MarkObjects: 4.699100 ms  DeleteObjects: 0.789300 ms)

Prepare: number of updated asset objects reloaded= 0
========================================================================
Received Import Request.
  Time since last request: 67.413680 seconds.
  path: Assets/Scripts/My_Rewriting_Script/Character_Player.cs
  artifactKey: Guid(f9681217e9f275446a8634d252ee509e) Importer(2089858483,192608db42251d675da83286b1cce702)
Start importing Assets/Scripts/My_Rewriting_Script/Character_Player.cs using Guid(f9681217e9f275446a8634d252ee509e) Importer(2089858483,192608db42251d675da83286b1cce702) (ScriptedImporter)Generated GUIDs only implemented for interfaces!
 -> (artifact id: 'c1fbc4d3b6ae475e3eab8e67c9d75b98') in 0.0037314 seconds
Number of updated asset objects reloaded before import = 0Number of asset objects unloaded after import = 0

========================================================================
Received Prepare
Refreshing native plugins compatible for Editor in 0.79 ms, found 3 plugins.
Preloading 0 native plugins for Editor in 0.00 ms.
Unloading 0 Unused Serialized files (Serialized files now loaded: 0)
Unloading 3057 unused Assets / (0.8 MB). Loaded Objects now: 3641.
Memory consumption went from 118.4 MB to 117.6 MB.
Total: 5.129900 ms (FindLiveObjects: 0.408700 ms CreateObjectMapping: 0.179800 ms MarkObjects: 3.794200 ms  DeleteObjects: 0.745600 ms)

Prepare: number of updated asset objects reloaded= 0
========================================================================
Received Import Request.
  Time since last request: 13.069814 seconds.
  path: Assets/Scripts/Character.cs
  artifactKey: Guid(9f2e5b7b32b396f4ea7217014fd68368) Importer(2089858483,192608db42251d675da83286b1cce702)
Start importing Assets/Scripts/Character.cs using Guid(9f2e5b7b32b396f4ea7217014fd68368) Importer(2089858483,192608db42251d675da83286b1cce702) (ScriptedImporter)Generated GUIDs only implemented for interfaces!
 -> (artifact id: '5b60b178acd7699d2bd486c6eb880346') in 0.0097399 seconds
Number of updated asset objects reloaded before import = 0Number of asset objects unloaded after import = 0

========================================================================
Received Prepare
Refreshing native plugins compatible for Editor in 0.70 ms, found 3 plugins.
Preloading 0 native plugins for Editor in 0.00 ms.
Unloading 0 Unused Serialized files (Serialized files now loaded: 0)
Unloading 3057 unused Assets / (0.8 MB). Loaded Objects now: 3641.
Memory consumption went from 118.4 MB to 117.6 MB.
Total: 6.601100 ms (FindLiveObjects: 0.431000 ms CreateObjectMapping: 0.193700 ms MarkObjects: 5.173700 ms  DeleteObjects: 0.801000 ms)

Prepare: number of updated asset objects reloaded= 0
========================================================================
Received Import Request.
  Time since last request: 62.702458 seconds.
  path: Assets/Scripts/GameController.cs
  artifactKey: Guid(e1783226c0e1328438816a2fd17b7d90) Importer(2089858483,192608db42251d675da83286b1cce702)
Start importing Assets/Scripts/GameController.cs using Guid(e1783226c0e1328438816a2fd17b7d90) Importer(2089858483,192608db42251d675da83286b1cce702) (ScriptedImporter)Generated GUIDs only implemented for interfaces!
 -> (artifact id: 'bf6511cb5bc273d9367afcdb0c42b842') in 0.0047921 seconds
Number of updated asset objects reloaded before import = 0Number of asset objects unloaded after import = 0

========================================================================
Received Prepare
Refreshing native plugins compatible for Editor in 0.43 ms, found 3 plugins.
Preloading 0 native plugins for Editor in 0.00 ms.
Unloading 0 Unused Serialized files (Serialized files now loaded: 0)
Unloading 3057 unused Assets / (1.1 MB). Loaded Objects now: 3641.
Memory consumption went from 118.4 MB to 117.2 MB.
Total: 5.347000 ms (FindLiveObjects: 0.319900 ms CreateObjectMapping: 0.205200 ms MarkObjects: 3.418100 ms  DeleteObjects: 1.402100 ms)

Prepare: number of updated asset objects reloaded= 0
========================================================================
Received Import Request.
  Time since last request: 9.560859 seconds.
  path: Assets/Scripts/GameController.cs
  artifactKey: Guid(e1783226c0e1328438816a2fd17b7d90) Importer(2089858483,192608db42251d675da83286b1cce702)
Start importing Assets/Scripts/GameController.cs using Guid(e1783226c0e1328438816a2fd17b7d90) Importer(2089858483,192608db42251d675da83286b1cce702) (ScriptedImporter)Generated GUIDs only implemented for interfaces!
 -> (artifact id: '14bb91a4f2018833456979bd32b152ce') in 0.0040612 seconds
Number of updated asset objects reloaded before import = 0Number of asset objects unloaded after import = 0

========================================================================
Received Prepare
Refreshing native plugins compatible for Editor in 0.48 ms, found 3 plugins.
Preloading 0 native plugins for Editor in 0.00 ms.
Unloading 0 Unused Serialized files (Serialized files now loaded: 0)
Unloading 3057 unused Assets / (0.9 MB). Loaded Objects now: 3641.
Memory consumption went from 118.4 MB to 117.4 MB.
Total: 5.211400 ms (FindLiveObjects: 0.341500 ms CreateObjectMapping: 0.210700 ms MarkObjects: 3.677800 ms  DeleteObjects: 0.979900 ms)

Prepare: number of updated asset objects reloaded= 0
========================================================================
Received Import Request.
  Time since last request: 11.918965 seconds.
  path: Assets/Scripts/Unit.cs
  artifactKey: Guid(218c1568a20e51d49b452603102fd5e1) Importer(2089858483,192608db42251d675da83286b1cce702)
Start importing Assets/Scripts/Unit.cs using Guid(218c1568a20e51d49b452603102fd5e1) Importer(2089858483,192608db42251d675da83286b1cce702) (ScriptedImporter)Generated GUIDs only implemented for interfaces!
 -> (artifact id: '015f524212747a13c1e3eea28571fa8a') in 0.0215517 seconds
Number of updated asset objects reloaded before import = 0Number of asset objects unloaded after import = 0

========================================================================
Received Prepare
Refreshing native plugins compatible for Editor in 0.42 ms, found 3 plugins.
Preloading 0 native plugins for Editor in 0.00 ms.
Unloading 0 Unused Serialized files (Serialized files now loaded: 0)
Unloading 3057 unused Assets / (0.8 MB). Loaded Objects now: 3641.
Memory consumption went from 118.4 MB to 117.6 MB.
Total: 5.621800 ms (FindLiveObjects: 0.352100 ms CreateObjectMapping: 0.312800 ms MarkObjects: 4.062600 ms  DeleteObjects: 0.892400 ms)

Prepare: number of updated asset objects reloaded= 0
========================================================================
Received Import Request.
  Time since last request: 7.550070 seconds.
  path: Assets/Scripts/Building.cs
  artifactKey: Guid(ec3c2a29b674e8a41bdd2e2f911bec4f) Importer(2089858483,192608db42251d675da83286b1cce702)
Start importing Assets/Scripts/Building.cs using Guid(ec3c2a29b674e8a41bdd2e2f911bec4f) Importer(2089858483,192608db42251d675da83286b1cce702) (ScriptedImporter)Generated GUIDs only implemented for interfaces!
 -> (artifact id: '5b47fdcffd3f6da31e4a9d5c0adbea55') in 0.0041166 seconds
Number of updated asset objects reloaded before import = 0Number of asset objects unloaded after import = 0

========================================================================
Received Prepare
Refreshing native plugins compatible for Editor in 0.59 ms, found 3 plugins.
Preloading 0 native plugins for Editor in 0.00 ms.
Unloading 0 Unused Serialized files (Serialized files now loaded: 0)
Unloading 3057 unused Assets / (0.8 MB). Loaded Objects now: 3641.
Memory consumption went from 118.4 MB to 117.5 MB.
Total: 5.112000 ms (FindLiveObjects: 0.316900 ms CreateObjectMapping: 0.241200 ms MarkObjects: 3.899100 ms  DeleteObjects: 0.653300 ms)

Prepare: number of updated asset objects reloaded= 0
========================================================================
Received Import Request.
  Time since last request: 5.641477 seconds.
  path: Assets/Scripts/Mine.cs
  artifactKey: Guid(37b7b23200c4f974e827bdc29a55b94b) Importer(2089858483,192608db42251d675da83286b1cce702)
Start importing Assets/Scripts/Mine.cs using Guid(37b7b23200c4f974e827bdc29a55b94b) Importer(2089858483,192608db42251d675da83286b1cce702) (ScriptedImporter)Generated GUIDs only implemented for interfaces!
 -> (artifact id: '9878ca5cbb2c0f7086df417c9f214d30') in 0.0047762 seconds
Number of updated asset objects reloaded before import = 0Number of asset objects unloaded after import = 0

========================================================================
Received Prepare
Refreshing native plugins compatible for Editor in 0.39 ms, found 3 plugins.
Preloading 0 native plugins for Editor in 0.00 ms.
Unloading 0 Unused Serialized files (Serialized files now loaded: 0)
Unloading 3057 unused Assets / (0.9 MB). Loaded Objects now: 3641.
Memory consumption went from 118.4 MB to 117.5 MB.
Total: 4.262600 ms (FindLiveObjects: 0.262600 ms CreateObjectMapping: 0.172000 ms MarkObjects: 3.133700 ms  DeleteObjects: 0.693400 ms)

Prepare: number of updated asset objects reloaded= 0
========================================================================
Received Import Request.
  Time since last request: 3.793887 seconds.
  path: Assets/Scripts/GameController.cs
  artifactKey: Guid(e1783226c0e1328438816a2fd17b7d90) Importer(2089858483,192608db42251d675da83286b1cce702)
Start importing Assets/Scripts/GameController.cs using Guid(e1783226c0e1328438816a2fd17b7d90) Importer(2089858483,192608db42251d675da83286b1cce702) (ScriptedImporter)Generated GUIDs only implemented for interfaces!
 -> (artifact id: '9b7223209ea3abb4a7e413081f35b5f9') in 0.0031153 seconds
Number of updated asset objects reloaded before import = 0Number of asset objects unloaded after import = 0

========================================================================
Received Prepare
Refreshing native plugins compatible for Editor in 0.44 ms, found 3 plugins.
Preloading 0 native plugins for Editor in 0.00 ms.
Unloading 0 Unused Serialized files (Serialized files now loaded: 0)
Unloading 3057 unused Assets / (485.0 KB). Loaded Objects now: 3641.
Memory consumption went from 118.4 MB to 117.9 MB.
Total: 5.074100 ms (FindLiveObjects: 0.494700 ms CreateObjectMapping: 0.263800 ms MarkObjects: 3.703600 ms  DeleteObjects: 0.610300 ms)

Prepare: number of updated asset objects reloaded= 0
========================================================================
Received Import Request.
  Time since last request: 10.760624 seconds.
  path: Assets/Scripts/My_Rewriting_Script/Games_Controller.cs
  artifactKey: Guid(b44380bdfa50ef54c852c842cf58dd97) Importer(2089858483,192608db42251d675da83286b1cce702)
Start importing Assets/Scripts/My_Rewriting_Script/Games_Controller.cs using Guid(b44380bdfa50ef54c852c842cf58dd97) Importer(2089858483,192608db42251d675da83286b1cce702) (ScriptedImporter)Generated GUIDs only implemented for interfaces!
 -> (artifact id: '8b7e619b350093473f84f59ed38535a6') in 0.0203412 seconds
Number of updated asset objects reloaded before import = 0Number of asset objects unloaded after import = 0

========================================================================
Received Prepare
Refreshing native plugins compatible for Editor in 0.90 ms, found 3 plugins.
Preloading 0 native plugins for Editor in 0.00 ms.
Unloading 0 Unused Serialized files (Serialized files now loaded: 0)
Unloading 3057 unused Assets / (0.8 MB). Loaded Objects now: 3641.
Memory consumption went from 118.4 MB to 117.6 MB.
Total: 4.284400 ms (FindLiveObjects: 0.310100 ms CreateObjectMapping: 0.212900 ms MarkObjects: 3.059300 ms  DeleteObjects: 0.700500 ms)

Prepare: number of updated asset objects reloaded= 0
========================================================================
Received Import Request.
  Time since last request: 101.198919 seconds.
  path: Assets/Scripts/My_Rewriting_Script/Games_Controller.cs
  artifactKey: Guid(b44380bdfa50ef54c852c842cf58dd97) Importer(2089858483,192608db42251d675da83286b1cce702)
Start importing Assets/Scripts/My_Rewriting_Script/Games_Controller.cs using Guid(b44380bdfa50ef54c852c842cf58dd97) Importer(2089858483,192608db42251d675da83286b1cce702) (ScriptedImporter)Generated GUIDs only implemented for interfaces!
 -> (artifact id: 'b53d00c388f411cf66c0de7b90280367') in 0.0045488 seconds
Number of updated asset objects reloaded before import = 0Number of asset objects unloaded after import = 0

========================================================================
Received Prepare
Refreshing native plugins compatible for Editor in 0.59 ms, found 3 plugins.
Preloading 0 native plugins for Editor in 0.00 ms.
Unloading 0 Unused Serialized files (Serialized files now loaded: 0)
Unloading 3057 unused Assets / (0.8 MB). Loaded Objects now: 3641.
Memory consumption went from 118.4 MB to 117.6 MB.
Total: 6.120800 ms (FindLiveObjects: 0.706400 ms CreateObjectMapping: 0.232200 ms MarkObjects: 4.508100 ms  DeleteObjects: 0.672200 ms)

Prepare: number of updated asset objects reloaded= 0
========================================================================
Received Import Request.
  Time since last request: 14.983049 seconds.
  path: Assets/Scripts/My_Rewriting_Script/Games_Controller.cs
  artifactKey: Guid(b44380bdfa50ef54c852c842cf58dd97) Importer(2089858483,192608db42251d675da83286b1cce702)
Start importing Assets/Scripts/My_Rewriting_Script/Games_Controller.cs using Guid(b44380bdfa50ef54c852c842cf58dd97) Importer(2089858483,192608db42251d675da83286b1cce702) (ScriptedImporter)Generated GUIDs only implemented for interfaces!
 -> (artifact id: '7fbcf38754cea08304fa6fb0e917e7cf') in 0.0073859 seconds
Number of updated asset objects reloaded before import = 0Number of asset objects unloaded after import = 0

========================================================================
Received Prepare
Refreshing native plugins compatible for Editor in 0.40 ms, found 3 plugins.
Preloading 0 native plugins for Editor in 0.00 ms.
Unloading 0 Unused Serialized files (Serialized files now loaded: 0)
Unloading 3057 unused Assets / (0.9 MB). Loaded Objects now: 3641.
Memory consumption went from 118.4 MB to 117.5 MB.
Total: 4.722700 ms (FindLiveObjects: 0.345500 ms CreateObjectMapping: 0.257900 ms MarkObjects: 3.419100 ms  DeleteObjects: 0.699200 ms)

Prepare: number of updated asset objects reloaded= 0
========================================================================
Received Import Request.
  Time since last request: 7.126437 seconds.
  path: Assets/Scripts/My_Rewriting_Script/Character_Player.cs
  artifactKey: Guid(f9681217e9f275446a8634d252ee509e) Importer(2089858483,192608db42251d675da83286b1cce702)
Start importing Assets/Scripts/My_Rewriting_Script/Character_Player.cs using Guid(f9681217e9f275446a8634d252ee509e) Importer(2089858483,192608db42251d675da83286b1cce702) (ScriptedImporter)Generated GUIDs only implemented for interfaces!
 -> (artifact id: '0e628b15cbeba34ceb7a00f4e9c3064d') in 0.0045027 seconds
Number of updated asset objects reloaded before import = 0Number of asset objects unloaded after import = 0

========================================================================
Received Prepare
Refreshing native plugins compatible for Editor in 0.36 ms, found 3 plugins.
Preloading 0 native plugins for Editor in 0.00 ms.
Unloading 0 Unused Serialized files (Serialized files now loaded: 0)
Unloading 3057 unused Assets / (0.8 MB). Loaded Objects now: 3641.
Memory consumption went from 118.4 MB to 117.6 MB.
Total: 4.540500 ms (FindLiveObjects: 0.278600 ms CreateObjectMapping: 0.197700 ms MarkObjects: 3.454000 ms  DeleteObjects: 0.609400 ms)

Prepare: number of updated asset objects reloaded= 0
========================================================================
Received Import Request.
  Time since last request: 29.288265 seconds.
  path: Assets/Scripts/My_Rewriting_Script/Character_Player.cs
  artifactKey: Guid(f9681217e9f275446a8634d252ee509e) Importer(2089858483,192608db42251d675da83286b1cce702)
Start importing Assets/Scripts/My_Rewriting_Script/Character_Player.cs using Guid(f9681217e9f275446a8634d252ee509e) Importer(2089858483,192608db42251d675da83286b1cce702) (ScriptedImporter)Generated GUIDs only implemented for interfaces!
 -> (artifact id: '1c3aee0ef79131b3c09c5de792c73768') in 0.0043362 seconds
Number of updated asset objects reloaded before import = 0Number of asset objects unloaded after import = 0

========================================================================
Received Prepare
Refreshing native plugins compatible for Editor in 0.47 ms, found 3 plugins.
Preloading 0 native plugins for Editor in 0.00 ms.
Unloading 0 Unused Serialized files (Serialized files now loaded: 0)
Unloading 3057 unused Assets / (0.9 MB). Loaded Objects now: 3641.
Memory consumption went from 118.4 MB to 117.5 MB.
Total: 5.177500 ms (FindLiveObjects: 0.293000 ms CreateObjectMapping: 0.225600 ms MarkObjects: 3.979300 ms  DeleteObjects: 0.678400 ms)

Prepare: number of updated asset objects reloaded= 0
========================================================================
Received Import Request.
  Time since last request: 15.416943 seconds.
  path: Assets/Scripts/My_Rewriting_Script/Games_Controller.cs
  artifactKey: Guid(b44380bdfa50ef54c852c842cf58dd97) Importer(2089858483,192608db42251d675da83286b1cce702)
Start importing Assets/Scripts/My_Rewriting_Script/Games_Controller.cs using Guid(b44380bdfa50ef54c852c842cf58dd97) Importer(2089858483,192608db42251d675da83286b1cce702) (ScriptedImporter)Generated GUIDs only implemented for interfaces!
 -> (artifact id: '3cb3b9efb88686fde3b2a158ea4d0d27') in 0.0107992 seconds
Number of updated asset objects reloaded before import = 0Number of asset objects unloaded after import = 0

========================================================================
Received Prepare
Refreshing native plugins compatible for Editor in 0.36 ms, found 3 plugins.
Preloading 0 native plugins for Editor in 0.00 ms.
Unloading 0 Unused Serialized files (Serialized files now loaded: 0)
Unloading 3057 unused Assets / (0.6 MB). Loaded Objects now: 3641.
Memory consumption went from 118.4 MB to 117.8 MB.
Total: 4.439400 ms (FindLiveObjects: 0.254200 ms CreateObjectMapping: 0.174100 ms MarkObjects: 3.372100 ms  DeleteObjects: 0.638200 ms)

Prepare: number of updated asset objects reloaded= 0
========================================================================
Received Import Request.
  Time since last request: 10.227739 seconds.
  path: Assets/Scripts/My_Rewriting_Script/Character_Player.cs
  artifactKey: Guid(f9681217e9f275446a8634d252ee509e) Importer(2089858483,192608db42251d675da83286b1cce702)
Start importing Assets/Scripts/My_Rewriting_Script/Character_Player.cs using Guid(f9681217e9f275446a8634d252ee509e) Importer(2089858483,192608db42251d675da83286b1cce702) (ScriptedImporter)Generated GUIDs only implemented for interfaces!
 -> (artifact id: '14fa48fd9d497613ca19e82352518643') in 0.023836 seconds
Number of updated asset objects reloaded before import = 0Number of asset objects unloaded after import = 0

========================================================================
Received Prepare
Refreshing native plugins compatible for Editor in 0.35 ms, found 3 plugins.
Preloading 0 native plugins for Editor in 0.00 ms.
Unloading 0 Unused Serialized files (Serialized files now loaded: 0)
Unloading 3057 unused Assets / (0.9 MB). Loaded Objects now: 3641.
Memory consumption went from 118.4 MB to 117.5 MB.
Total: 6.152800 ms (FindLiveObjects: 0.289200 ms CreateObjectMapping: 0.188100 ms MarkObjects: 5.023700 ms  DeleteObjects: 0.650500 ms)

Prepare: number of updated asset objects reloaded= 0
========================================================================
Received Import Request.
  Time since last request: 14.784482 seconds.
  path: Assets/Scripts/My_Rewriting_Script/Mining.cs
  artifactKey: Guid(81f55f5b989ed3e4fa30e2702c838461) Importer(2089858483,192608db42251d675da83286b1cce702)
Start importing Assets/Scripts/My_Rewriting_Script/Mining.cs using Guid(81f55f5b989ed3e4fa30e2702c838461) Importer(2089858483,192608db42251d675da83286b1cce702) (ScriptedImporter)Generated GUIDs only implemented for interfaces!
 -> (artifact id: 'd5f6714a03cde41740a31b920c89df24') in 0.0118484 seconds
Number of updated asset objects reloaded before import = 0Number of asset objects unloaded after import = 0

========================================================================
Received Prepare
Refreshing native plugins compatible for Editor in 1.00 ms, found 3 plugins.
Preloading 0 native plugins for Editor in 0.00 ms.
Unloading 0 Unused Serialized files (Serialized files now loaded: 0)
Unloading 3057 unused Assets / (0.7 MB). Loaded Objects now: 3641.
Memory consumption went from 118.4 MB to 117.7 MB.
Total: 10.680200 ms (FindLiveObjects: 0.535900 ms CreateObjectMapping: 0.276000 ms MarkObjects: 8.398800 ms  DeleteObjects: 1.467700 ms)

Prepare: number of updated asset objects reloaded= 0
========================================================================
Received Import Request.
  Time since last request: 152.486849 seconds.
  path: Assets/Scripts/My_Rewriting_Script/Character_Player.cs
  artifactKey: Guid(f9681217e9f275446a8634d252ee509e) Importer(2089858483,192608db42251d675da83286b1cce702)
Start importing Assets/Scripts/My_Rewriting_Script/Character_Player.cs using Guid(f9681217e9f275446a8634d252ee509e) Importer(2089858483,192608db42251d675da83286b1cce702) (ScriptedImporter)Generated GUIDs only implemented for interfaces!
 -> (artifact id: '69345129a422c9bf64d8442bf5e19569') in 0.0296381 seconds
Number of updated asset objects reloaded before import = 0Number of asset objects unloaded after import = 0

========================================================================
Received Prepare
Refreshing native plugins compatible for Editor in 0.40 ms, found 3 plugins.
Preloading 0 native plugins for Editor in 0.00 ms.
Unloading 0 Unused Serialized files (Serialized files now loaded: 0)
Unloading 3057 unused Assets / (0.7 MB). Loaded Objects now: 3641.
Memory consumption went from 118.4 MB to 117.7 MB.
Total: 5.114000 ms (FindLiveObjects: 0.290600 ms CreateObjectMapping: 0.249700 ms MarkObjects: 3.889700 ms  DeleteObjects: 0.682600 ms)

Prepare: number of updated asset objects reloaded= 0
========================================================================
Received Import Request.
  Time since last request: 37.975769 seconds.
  path: Assets/Scripts/My_Rewriting_Script/Character_Player.cs
  artifactKey: Guid(f9681217e9f275446a8634d252ee509e) Importer(2089858483,192608db42251d675da83286b1cce702)
Start importing Assets/Scripts/My_Rewriting_Script/Character_Player.cs using Guid(f9681217e9f275446a8634d252ee509e) Importer(2089858483,192608db42251d675da83286b1cce702) (ScriptedImporter)Generated GUIDs only implemented for interfaces!
 -> (artifact id: 'eafadd31553a684b79f3d8586d111bfb') in 0.0215172 seconds
Number of updated asset objects reloaded before import = 0Number of asset objects unloaded after import = 0

========================================================================
Received Prepare
Refreshing native plugins compatible for Editor in 0.60 ms, found 3 plugins.
Preloading 0 native plugins for Editor in 0.00 ms.
Unloading 0 Unused Serialized files (Serialized files now loaded: 0)
Unloading 3057 unused Assets / (0.9 MB). Loaded Objects now: 3641.
Memory consumption went from 118.4 MB to 117.4 MB.
Total: 10.312300 ms (FindLiveObjects: 0.452000 ms CreateObjectMapping: 0.192700 ms MarkObjects: 7.557700 ms  DeleteObjects: 2.107900 ms)

Prepare: number of updated asset objects reloaded= 0
========================================================================
Received Import Request.
  Time since last request: 37.922703 seconds.
  path: Assets/Scripts/My_Rewriting_Script/Games_Controller.cs
  artifactKey: Guid(b44380bdfa50ef54c852c842cf58dd97) Importer(2089858483,192608db42251d675da83286b1cce702)
Start importing Assets/Scripts/My_Rewriting_Script/Games_Controller.cs using Guid(b44380bdfa50ef54c852c842cf58dd97) Importer(2089858483,192608db42251d675da83286b1cce702) (ScriptedImporter)Generated GUIDs only implemented for interfaces!
 -> (artifact id: 'e51e4aa76666a1c36c4e0c4452af28da') in 0.009615 seconds
Number of updated asset objects reloaded before import = 0Number of asset objects unloaded after import = 0

========================================================================
Received Prepare
Refreshing native plugins compatible for Editor in 0.34 ms, found 3 plugins.
Preloading 0 native plugins for Editor in 0.00 ms.
Unloading 0 Unused Serialized files (Serialized files now loaded: 0)
Unloading 3057 unused Assets / (0.8 MB). Loaded Objects now: 3641.
Memory consumption went from 118.4 MB to 117.5 MB.
Total: 4.109300 ms (FindLiveObjects: 0.254000 ms CreateObjectMapping: 0.174100 ms MarkObjects: 3.082100 ms  DeleteObjects: 0.598700 ms)

Prepare: number of updated asset objects reloaded= 0
========================================================================
Received Import Request.
  Time since last request: 49.156364 seconds.
  path: Assets/Scripts/My_Rewriting_Script/Games_Controller.cs
  artifactKey: Guid(b44380bdfa50ef54c852c842cf58dd97) Importer(2089858483,192608db42251d675da83286b1cce702)
Start importing Assets/Scripts/My_Rewriting_Script/Games_Controller.cs using Guid(b44380bdfa50ef54c852c842cf58dd97) Importer(2089858483,192608db42251d675da83286b1cce702) (ScriptedImporter)Generated GUIDs only implemented for interfaces!
 -> (artifact id: '03a5cbf17a80b6064c9c553b3959910f') in 0.0037427 seconds
Number of updated asset objects reloaded before import = 0Number of asset objects unloaded after import = 0

========================================================================
Received Prepare
Refreshing native plugins compatible for Editor in 0.64 ms, found 3 plugins.
Preloading 0 native plugins for Editor in 0.00 ms.
Unloading 0 Unused Serialized files (Serialized files now loaded: 0)
Unloading 3057 unused Assets / (0.7 MB). Loaded Objects now: 3641.
Memory consumption went from 118.4 MB to 117.7 MB.
Total: 7.794900 ms (FindLiveObjects: 0.474100 ms CreateObjectMapping: 0.170100 ms MarkObjects: 6.316800 ms  DeleteObjects: 0.832400 ms)

Prepare: number of updated asset objects reloaded= 0
========================================================================
Received Import Request.
  Time since last request: 70.704975 seconds.
  path: Assets/Scripts/My_Rewriting_Script/Mining.cs
  artifactKey: Guid(81f55f5b989ed3e4fa30e2702c838461) Importer(2089858483,192608db42251d675da83286b1cce702)
Start importing Assets/Scripts/My_Rewriting_Script/Mining.cs using Guid(81f55f5b989ed3e4fa30e2702c838461) Importer(2089858483,192608db42251d675da83286b1cce702) (ScriptedImporter)Generated GUIDs only implemented for interfaces!
 -> (artifact id: '784c3ba95444cef23c569737c013c6f1') in 0.0052461 seconds
Number of updated asset objects reloaded before import = 0Number of asset objects unloaded after import = 0

========================================================================
Received Prepare
Refreshing native plugins compatible for Editor in 0.39 ms, found 3 plugins.
Preloading 0 native plugins for Editor in 0.00 ms.
Unloading 0 Unused Serialized files (Serialized files now loaded: 0)
Unloading 3057 unused Assets / (0.9 MB). Loaded Objects now: 3641.
Memory consumption went from 118.4 MB to 117.5 MB.
Total: 5.698200 ms (FindLiveObjects: 0.314700 ms CreateObjectMapping: 0.460500 ms MarkObjects: 4.221400 ms  DeleteObjects: 0.700300 ms)

Prepare: number of updated asset objects reloaded= 0
========================================================================
Received Import Request.
  Time since last request: 39.424438 seconds.
  path: Assets/Scripts/My_Rewriting_Script/Character_Player.cs
  artifactKey: Guid(f9681217e9f275446a8634d252ee509e) Importer(2089858483,192608db42251d675da83286b1cce702)
Start importing Assets/Scripts/My_Rewriting_Script/Character_Player.cs using Guid(f9681217e9f275446a8634d252ee509e) Importer(2089858483,192608db42251d675da83286b1cce702) (ScriptedImporter)Generated GUIDs only implemented for interfaces!
 -> (artifact id: 'c7115d72b8194eb77236257b8f1526f9') in 0.005253 seconds
Number of updated asset objects reloaded before import = 0Number of asset objects unloaded after import = 0

========================================================================
Received Prepare
Refreshing native plugins compatible for Editor in 0.38 ms, found 3 plugins.
Preloading 0 native plugins for Editor in 0.00 ms.
Unloading 0 Unused Serialized files (Serialized files now loaded: 0)
Unloading 3057 unused Assets / (0.8 MB). Loaded Objects now: 3641.
Memory consumption went from 118.4 MB to 117.6 MB.
Total: 4.246900 ms (FindLiveObjects: 0.270600 ms CreateObjectMapping: 0.170800 ms MarkObjects: 3.135000 ms  DeleteObjects: 0.669600 ms)

Prepare: number of updated asset objects reloaded= 0
========================================================================
Received Import Request.
  Time since last request: 11.279846 seconds.
  path: Assets/Scripts/My_Rewriting_Script/Games_Controller.cs
  artifactKey: Guid(b44380bdfa50ef54c852c842cf58dd97) Importer(2089858483,192608db42251d675da83286b1cce702)
Start importing Assets/Scripts/My_Rewriting_Script/Games_Controller.cs using Guid(b44380bdfa50ef54c852c842cf58dd97) Importer(2089858483,192608db42251d675da83286b1cce702) (ScriptedImporter)Generated GUIDs only implemented for interfaces!
 -> (artifact id: '3354ccd277a045e935b9bf50124ea7f2') in 0.0043473 seconds
Number of updated asset objects reloaded before import = 0Number of asset objects unloaded after import = 0

========================================================================
Received Prepare
Refreshing native plugins compatible for Editor in 0.32 ms, found 3 plugins.
Preloading 0 native plugins for Editor in 0.00 ms.
Unloading 0 Unused Serialized files (Serialized files now loaded: 0)
Unloading 3057 unused Assets / (1.0 MB). Loaded Objects now: 3641.
Memory consumption went from 118.4 MB to 117.4 MB.
Total: 4.711500 ms (FindLiveObjects: 0.267600 ms CreateObjectMapping: 0.192800 ms MarkObjects: 3.298200 ms  DeleteObjects: 0.952100 ms)

Prepare: number of updated asset objects reloaded= 0
========================================================================
Received Import Request.
  Time since last request: 6.437514 seconds.
  path: Assets/Scripts/My_Rewriting_Script/Games_Controller.cs
  artifactKey: Guid(b44380bdfa50ef54c852c842cf58dd97) Importer(2089858483,192608db42251d675da83286b1cce702)
Start importing Assets/Scripts/My_Rewriting_Script/Games_Controller.cs using Guid(b44380bdfa50ef54c852c842cf58dd97) Importer(2089858483,192608db42251d675da83286b1cce702) (ScriptedImporter)Generated GUIDs only implemented for interfaces!
 -> (artifact id: 'a5b598836cfee6d5c19cde59cfb464ad') in 0.006102 seconds
Number of updated asset objects reloaded before import = 0Number of asset objects unloaded after import = 0

========================================================================
Received Prepare
Begin MonoManager ReloadAssembly
C:\build\output\Unity-Technologies\mono\mono\metadata\icall.c:1842:
C:\build\output\Unity-Technologies\mono\mono\metadata\icall.c:1842:
C:\build\output\Unity-Technologies\mono\mono\metadata\icall.c:1842:
C:\build\output\Unity-Technologies\mono\mono\metadata\icall.c:1842:
C:\build\output\Unity-Technologies\mono\mono\metadata\icall.c:1842:
C:\build\output\Unity-Technologies\mono\mono\metadata\icall.c:1842:
C:\build\output\Unity-Technologies\mono\mono\metadata\icall.c:1842:
C:\build\output\Unity-Technologies\mono\mono\metadata\icall.c:1842:
C:\build\output\Unity-Technologies\mono\mono\metadata\icall.c:1842:
C:\build\output\Unity-Technologies\mono\mono\metadata\icall.c:1842:
C:\build\output\Unity-Technologies\mono\mono\metadata\icall.c:1842:
C:\build\output\Unity-Technologies\mono\mono\metadata\icall.c:1842:
Symbol file LoadedFromMemory doesn't match image A:\Google\魔兽争霸\War3Project\Library\PackageCache\com.unity.visualscripting@1.8.0\Editor\VisualScripting.Core\Dependencies\YamlDotNet\Unity.VisualScripting.YamlDotNet.dll
Symbol file LoadedFromMemory doesn't match image A:\Google\魔兽争霸\War3Project\Library\PackageCache\com.unity.visualscripting@1.8.0\Editor\VisualScripting.Core\Dependencies\DotNetZip\Unity.VisualScripting.IonicZip.dll
- Loaded All Assemblies, in  0.649 seconds
Refreshing native plugins compatible for Editor in 0.33 ms, found 3 plugins.
Native extension for Android target not found
Native extension for WindowsStandalone target not found
Mono: successfully reloaded assembly
- Finished resetting the current domain, in  0.692 seconds
Domain Reload Profiling: 1342ms
	BeginReloadAssembly (187ms)
		ExecutionOrderSort (0ms)
		DisableScriptedObjects (5ms)
		BackupInstance (0ms)
		ReleaseScriptingObjects (0ms)
		CreateAndSetChildDomain (46ms)
	RebuildCommonClasses (38ms)
	RebuildNativeTypeToScriptingClass (11ms)
	initialDomainReloadingComplete (26ms)
	LoadAllAssembliesAndSetupDomain (388ms)
		LoadAssemblies (384ms)
		RebuildTransferFunctionScriptingTraits (0ms)
		AnalyzeDomain (111ms)
			TypeCache.Refresh (10ms)
				TypeCache.ScanAssembly (0ms)
			BuildScriptInfoCaches (94ms)
			ResolveRequiredComponents (3ms)
	FinalizeReload (692ms)
		ReleaseScriptCaches (0ms)
		RebuildScriptCaches (0ms)
		SetupLoadedEditorAssemblies (495ms)
			LogAssemblyErrors (0ms)
			InitializePlatformSupportModulesInManaged (23ms)
			SetLoadedEditorAssemblies (4ms)
			BeforeProcessingInitializeOnLoad (30ms)
			ProcessInitializeOnLoadAttributes (418ms)
			ProcessInitializeOnLoadMethodAttributes (19ms)
			AfterProcessingInitializeOnLoad (2ms)
			EditorAssembliesLoaded (0ms)
		ExecutionOrderSort2 (0ms)
		AwakeInstancesAfterBackupRestoration (8ms)
Refreshing native plugins compatible for Editor in 0.54 ms, found 3 plugins.
Preloading 0 native plugins for Editor in 0.00 ms.
Unloading 0 Unused Serialized files (Serialized files now loaded: 0)
Unloading 3062 unused Assets / (0.8 MB). Loaded Objects now: 3641.
Memory consumption went from 121.6 MB to 120.7 MB.
Total: 4.348800 ms (FindLiveObjects: 0.305000 ms CreateObjectMapping: 0.217000 ms MarkObjects: 3.207000 ms  DeleteObjects: 0.618800 ms)

Prepare: number of updated asset objects reloaded= 0
========================================================================
Received Prepare
Begin MonoManager ReloadAssembly
C:\build\output\Unity-Technologies\mono\mono\metadata\icall.c:1842:
C:\build\output\Unity-Technologies\mono\mono\metadata\icall.c:1842:
C:\build\output\Unity-Technologies\mono\mono\metadata\icall.c:1842:
C:\build\output\Unity-Technologies\mono\mono\metadata\icall.c:1842:
C:\build\output\Unity-Technologies\mono\mono\metadata\icall.c:1842:
C:\build\output\Unity-Technologies\mono\mono\metadata\icall.c:1842:
C:\build\output\Unity-Technologies\mono\mono\metadata\icall.c:1842:
C:\build\output\Unity-Technologies\mono\mono\metadata\icall.c:1842:
C:\build\output\Unity-Technologies\mono\mono\metadata\icall.c:1842:
C:\build\output\Unity-Technologies\mono\mono\metadata\icall.c:1842:
C:\build\output\Unity-Technologies\mono\mono\metadata\icall.c:1842:
C:\build\output\Unity-Technologies\mono\mono\metadata\icall.c:1842:
Symbol file LoadedFromMemory doesn't match image A:\Google\魔兽争霸\War3Project\Library\PackageCache\com.unity.visualscripting@1.8.0\Editor\VisualScripting.Core\Dependencies\YamlDotNet\Unity.VisualScripting.YamlDotNet.dll
Symbol file LoadedFromMemory doesn't match image A:\Google\魔兽争霸\War3Project\Library\PackageCache\com.unity.visualscripting@1.8.0\Editor\VisualScripting.Core\Dependencies\DotNetZip\Unity.VisualScripting.IonicZip.dll
- Loaded All Assemblies, in  0.506 seconds
Refreshing native plugins compatible for Editor in 0.28 ms, found 3 plugins.
Native extension for Android target not found
Native extension for WindowsStandalone target not found
Mono: successfully reloaded assembly
- Finished resetting the current domain, in  0.648 seconds
Domain Reload Profiling: 1156ms
	BeginReloadAssembly (180ms)
		ExecutionOrderSort (0ms)
		DisableScriptedObjects (5ms)
		BackupInstance (0ms)
		ReleaseScriptingObjects (0ms)
		CreateAndSetChildDomain (37ms)
	RebuildCommonClasses (33ms)
	RebuildNativeTypeToScriptingClass (12ms)
	initialDomainReloadingComplete (22ms)
	LoadAllAssembliesAndSetupDomain (260ms)
		LoadAssemblies (276ms)
		RebuildTransferFunctionScriptingTraits (0ms)
		AnalyzeDomain (94ms)
			TypeCache.Refresh (7ms)
				TypeCache.ScanAssembly (0ms)
			BuildScriptInfoCaches (81ms)
			ResolveRequiredComponents (4ms)
	FinalizeReload (649ms)
		ReleaseScriptCaches (0ms)
		RebuildScriptCaches (0ms)
		SetupLoadedEditorAssemblies (473ms)
			LogAssemblyErrors (0ms)
			InitializePlatformSupportModulesInManaged (16ms)
			SetLoadedEditorAssemblies (4ms)
			BeforeProcessingInitializeOnLoad (26ms)
			ProcessInitializeOnLoadAttributes (392ms)
			ProcessInitializeOnLoadMethodAttributes (32ms)
			AfterProcessingInitializeOnLoad (3ms)
			EditorAssembliesLoaded (0ms)
		ExecutionOrderSort2 (0ms)
		AwakeInstancesAfterBackupRestoration (8ms)
Refreshing native plugins compatible for Editor in 0.57 ms, found 3 plugins.
Preloading 0 native plugins for Editor in 0.00 ms.
Unloading 0 Unused Serialized files (Serialized files now loaded: 0)
Unloading 3062 unused Assets / (1.1 MB). Loaded Objects now: 3641.
Memory consumption went from 123.5 MB to 122.4 MB.
Total: 6.248400 ms (FindLiveObjects: 0.302000 ms CreateObjectMapping: 0.272700 ms MarkObjects: 4.372700 ms  DeleteObjects: 1.299200 ms)

Prepare: number of updated asset objects reloaded= 0
========================================================================
Received Prepare
Begin MonoManager ReloadAssembly
C:\build\output\Unity-Technologies\mono\mono\metadata\icall.c:1842:
C:\build\output\Unity-Technologies\mono\mono\metadata\icall.c:1842:
C:\build\output\Unity-Technologies\mono\mono\metadata\icall.c:1842:
C:\build\output\Unity-Technologies\mono\mono\metadata\icall.c:1842:
C:\build\output\Unity-Technologies\mono\mono\metadata\icall.c:1842:
C:\build\output\Unity-Technologies\mono\mono\metadata\icall.c:1842:
C:\build\output\Unity-Technologies\mono\mono\metadata\icall.c:1842:
C:\build\output\Unity-Technologies\mono\mono\metadata\icall.c:1842:
C:\build\output\Unity-Technologies\mono\mono\metadata\icall.c:1842:
C:\build\output\Unity-Technologies\mono\mono\metadata\icall.c:1842:
C:\build\output\Unity-Technologies\mono\mono\metadata\icall.c:1842:
C:\build\output\Unity-Technologies\mono\mono\metadata\icall.c:1842:
Symbol file LoadedFromMemory doesn't match image A:\Google\魔兽争霸\War3Project\Library\PackageCache\com.unity.visualscripting@1.8.0\Editor\VisualScripting.Core\Dependencies\YamlDotNet\Unity.VisualScripting.YamlDotNet.dll
Symbol file LoadedFromMemory doesn't match image A:\Google\魔兽争霸\War3Project\Library\PackageCache\com.unity.visualscripting@1.8.0\Editor\VisualScripting.Core\Dependencies\DotNetZip\Unity.VisualScripting.IonicZip.dll
- Loaded All Assemblies, in  0.753 seconds
Refreshing native plugins compatible for Editor in 0.77 ms, found 3 plugins.
Native extension for Android target not found
Native extension for WindowsStandalone target not found
Mono: successfully reloaded assembly
- Finished resetting the current domain, in  1.038 seconds
Domain Reload Profiling: 1793ms
	BeginReloadAssembly (248ms)
		ExecutionOrderSort (0ms)
		DisableScriptedObjects (7ms)
		BackupInstance (0ms)
		ReleaseScriptingObjects (0ms)
		CreateAndSetChildDomain (42ms)
	RebuildCommonClasses (62ms)
	RebuildNativeTypeToScriptingClass (19ms)
	initialDomainReloadingComplete (36ms)
	LoadAllAssembliesAndSetupDomain (390ms)
		LoadAssemblies (413ms)
		RebuildTransferFunctionScriptingTraits (0ms)
		AnalyzeDomain (130ms)
			TypeCache.Refresh (8ms)
				TypeCache.ScanAssembly (0ms)
			BuildScriptInfoCaches (113ms)
			ResolveRequiredComponents (7ms)
	FinalizeReload (1039ms)
		ReleaseScriptCaches (0ms)
		RebuildScriptCaches (0ms)
		SetupLoadedEditorAssemblies (737ms)
			LogAssemblyErrors (0ms)
			InitializePlatformSupportModulesInManaged (34ms)
			SetLoadedEditorAssemblies (7ms)
			BeforeProcessingInitializeOnLoad (58ms)
			ProcessInitializeOnLoadAttributes (611ms)
			ProcessInitializeOnLoadMethodAttributes (25ms)
			AfterProcessingInitializeOnLoad (2ms)
			EditorAssembliesLoaded (0ms)
		ExecutionOrderSort2 (0ms)
		AwakeInstancesAfterBackupRestoration (10ms)
Refreshing native plugins compatible for Editor in 0.77 ms, found 3 plugins.
Preloading 0 native plugins for Editor in 0.00 ms.
Unloading 0 Unused Serialized files (Serialized files now loaded: 0)
Unloading 3062 unused Assets / (0.5 MB). Loaded Objects now: 3641.
Memory consumption went from 125.4 MB to 124.9 MB.
Total: 6.432700 ms (FindLiveObjects: 0.457700 ms CreateObjectMapping: 0.242000 ms MarkObjects: 5.008900 ms  DeleteObjects: 0.722700 ms)

Prepare: number of updated asset objects reloaded= 0
AssetImportWorkerClient::OnTransportError - code=10054 error=Զǿȹرһеӡ
