Using pre-set license
Built from '2023.2/china_unity/7f1' branch; Version is '2023.2.7f1c1 (1abbebd69101) revision 1752043'; Using compiler version '193431935'; Build Type 'Release'
OS: 'Windows 11  (10.0.22621) 64bit CoreCountrySpecific' Language: 'zh' Physical Memory: 32472 MB
BatchMode: 1, IsHumanControllingUs: 0, StartBugReporterOnCrash: 0, Is64bit: 1, IsPro: 1

COMMAND LINE ARGUMENTS:
A:\UNIty\Unity_editor\2023.2.7f1c1\Editor\Unity.exe
-adb2
-batchMode
-noUpm
-name
AssetImportWorker2
-projectPath
A:/Google/魔兽争霸/War3Project
-logFile
Logs/AssetImportWorker2.log
-srvPort
55245
-job-worker-count
9
-background-job-worker-count
8
-asset-garbage-collectors
1
Successfully changed project path to: A:/Google/魔兽争霸/War3Project
A:/Google/魔兽争霸/War3Project
[UnityMemory] Configuration Parameters - Can be set up in boot.config
    "memorysetup-bucket-allocator-granularity=16"
    "memorysetup-bucket-allocator-bucket-count=8"
    "memorysetup-bucket-allocator-block-size=33554432"
    "memorysetup-bucket-allocator-block-count=8"
    "memorysetup-main-allocator-block-size=16777216"
    "memorysetup-thread-allocator-block-size=16777216"
    "memorysetup-gfx-main-allocator-block-size=16777216"
    "memorysetup-gfx-thread-allocator-block-size=16777216"
    "memorysetup-cache-allocator-block-size=4194304"
    "memorysetup-typetree-allocator-block-size=2097152"
    "memorysetup-profiler-bucket-allocator-granularity=16"
    "memorysetup-profiler-bucket-allocator-bucket-count=8"
    "memorysetup-profiler-bucket-allocator-block-size=33554432"
    "memorysetup-profiler-bucket-allocator-block-count=8"
    "memorysetup-profiler-allocator-block-size=16777216"
    "memorysetup-profiler-editor-allocator-block-size=1048576"
    "memorysetup-temp-allocator-size-main=16777216"
    "memorysetup-job-temp-allocator-block-size=2097152"
    "memorysetup-job-temp-allocator-block-size-background=1048576"
    "memorysetup-job-temp-allocator-reduction-small-platforms=262144"
    "memorysetup-allocator-temp-initial-block-size-main=262144"
    "memorysetup-allocator-temp-initial-block-size-worker=262144"
    "memorysetup-temp-allocator-size-background-worker=32768"
    "memorysetup-temp-allocator-size-job-worker=262144"
    "memorysetup-temp-allocator-size-preload-manager=33554432"
    "memorysetup-temp-allocator-size-nav-mesh-worker=65536"
    "memorysetup-temp-allocator-size-audio-worker=65536"
    "memorysetup-temp-allocator-size-cloud-worker=32768"
    "memorysetup-temp-allocator-size-gi-baking-worker=262144"
    "memorysetup-temp-allocator-size-gi-baking-worker=262144"
    "memorysetup-temp-allocator-size-gi-baking-worker=262144"
    "memorysetup-temp-allocator-size-gi-baking-worker=262144"
    "memorysetup-temp-allocator-size-gfx=262144"
Player connection [179636] Host "[IP] 192.168.154.1 [Port] 0 [Flags] 2 [Guid] 3721680837 [EditorId] 3721680837 [Version] 1048832 [Id] WindowsEditor(7,DESKTOP-Q95652Q) [Debug] 1 [PackageName] WindowsEditor [ProjectName] Editor" joined multi-casting on [225.0.0.222:54997]...
Player connection [179636] Host "[IP] 192.168.154.1 [Port] 0 [Flags] 2 [Guid] 3721680837 [EditorId] 3721680837 [Version] 1048832 [Id] WindowsEditor(7,DESKTOP-Q95652Q) [Debug] 1 [PackageName] WindowsEditor [ProjectName] Editor" joined alternative multi-casting on [225.0.0.222:34997]...
JobSystem: Creating JobQueue using job-worker-count value 9
[Physics::Module] Initialized MultithreadedJobDispatcher with 9 workers.
Library Redirect Path: Library/
Refreshing native plugins compatible for Editor in 3.29 ms, found 3 plugins.
Preloading 0 native plugins for Editor in 0.00 ms.
Initialize engine version: 2023.2.7f1c1 (1abbebd69101)
[Subsystems] Discovering subsystems at path A:/UNIty/Unity_editor/2023.2.7f1c1/Editor/Data/Resources/UnitySubsystems
[Subsystems] Discovering subsystems at path A:/Google/魔兽争霸/War3Project/Assets
GfxDevice: creating device client; kGfxThreadingModeNonThreaded
Direct3D:
    Version:  Direct3D 11.0 [level 11.1]
    Renderer: NVIDIA GeForce RTX 3060 Laptop GPU (ID=0x2520)
    Vendor:   NVIDIA
    VRAM:     6009 MB
    Driver:   31.0.15.3598
Initialize mono
Mono path[0] = 'A:/UNIty/Unity_editor/2023.2.7f1c1/Editor/Data/Managed'
Mono path[1] = 'A:/UNIty/Unity_editor/2023.2.7f1c1/Editor/Data/MonoBleedingEdge/lib/mono/unityjit-win32'
Mono config path = 'A:/UNIty/Unity_editor/2023.2.7f1c1/Editor/Data/MonoBleedingEdge/etc'
Using monoOptions --debugger-agent=transport=dt_socket,embedding=1,server=y,suspend=n,address=127.0.0.1:56984
Begin MonoManager ReloadAssembly
C:\build\output\Unity-Technologies\mono\mono\metadata\icall.c:1842:
C:\build\output\Unity-Technologies\mono\mono\metadata\icall.c:1842:
C:\build\output\Unity-Technologies\mono\mono\metadata\icall.c:1842:
C:\build\output\Unity-Technologies\mono\mono\metadata\icall.c:1842:
C:\build\output\Unity-Technologies\mono\mono\metadata\icall.c:1842:
C:\build\output\Unity-Technologies\mono\mono\metadata\icall.c:1842:
C:\build\output\Unity-Technologies\mono\mono\metadata\icall.c:1842:
C:\build\output\Unity-Technologies\mono\mono\metadata\icall.c:1842:
C:\build\output\Unity-Technologies\mono\mono\metadata\icall.c:1842:
C:\build\output\Unity-Technologies\mono\mono\metadata\icall.c:1842:
Registering precompiled unity dll's ...
Register platform support module: A:/UNIty/Unity_editor/2023.2.7f1c1/Editor/Data/PlaybackEngines/WindowsStandaloneSupport/UnityEditor.WindowsStandalone.Extensions.dll
Register platform support module: A:/UNIty/Unity_editor/2023.2.7f1c1/Editor/Data/PlaybackEngines/AndroidPlayer/UnityEditor.Android.Extensions.dll
Registered in 0.002725 seconds.
- Loaded All Assemblies, in  0.493 seconds
Native extension for Android target not found
Android Extension - Scanning For ADB Devices 699 ms
Native extension for WindowsStandalone target not found
Mono: successfully reloaded assembly
C:\build\output\Unity-Technologies\mono\mono\metadata\icall.c:1842:
C:\build\output\Unity-Technologies\mono\mono\metadata\icall.c:1842:
- Finished resetting the current domain, in  1.139 seconds
Domain Reload Profiling: 1632ms
	BeginReloadAssembly (203ms)
		ExecutionOrderSort (0ms)
		DisableScriptedObjects (0ms)
		BackupInstance (0ms)
		ReleaseScriptingObjects (0ms)
		CreateAndSetChildDomain (1ms)
	RebuildCommonClasses (36ms)
	RebuildNativeTypeToScriptingClass (15ms)
	initialDomainReloadingComplete (52ms)
	LoadAllAssembliesAndSetupDomain (187ms)
		LoadAssemblies (203ms)
		RebuildTransferFunctionScriptingTraits (0ms)
		AnalyzeDomain (184ms)
			TypeCache.Refresh (182ms)
				TypeCache.ScanAssembly (166ms)
			BuildScriptInfoCaches (0ms)
			ResolveRequiredComponents (1ms)
	FinalizeReload (1139ms)
		ReleaseScriptCaches (0ms)
		RebuildScriptCaches (0ms)
		SetupLoadedEditorAssemblies (1074ms)
			LogAssemblyErrors (0ms)
			InitializePlatformSupportModulesInManaged (846ms)
			SetLoadedEditorAssemblies (3ms)
			BeforeProcessingInitializeOnLoad (11ms)
			ProcessInitializeOnLoadAttributes (159ms)
			ProcessInitializeOnLoadMethodAttributes (56ms)
			AfterProcessingInitializeOnLoad (0ms)
			EditorAssembliesLoaded (0ms)
		ExecutionOrderSort2 (0ms)
		AwakeInstancesAfterBackupRestoration (0ms)
========================================================================
Worker process is ready to serve import requests
Import Worker Mode flag is 0x00
Begin MonoManager ReloadAssembly
C:\build\output\Unity-Technologies\mono\mono\metadata\icall.c:1842:
C:\build\output\Unity-Technologies\mono\mono\metadata\icall.c:1842:
C:\build\output\Unity-Technologies\mono\mono\metadata\icall.c:1842:
C:\build\output\Unity-Technologies\mono\mono\metadata\icall.c:1842:
C:\build\output\Unity-Technologies\mono\mono\metadata\icall.c:1842:
C:\build\output\Unity-Technologies\mono\mono\metadata\icall.c:1842:
C:\build\output\Unity-Technologies\mono\mono\metadata\icall.c:1842:
C:\build\output\Unity-Technologies\mono\mono\metadata\icall.c:1842:
C:\build\output\Unity-Technologies\mono\mono\metadata\icall.c:1842:
C:\build\output\Unity-Technologies\mono\mono\metadata\icall.c:1842:
C:\build\output\Unity-Technologies\mono\mono\metadata\icall.c:1842:
C:\build\output\Unity-Technologies\mono\mono\metadata\icall.c:1842:
Symbol file LoadedFromMemory doesn't match image A:\Google\魔兽争霸\War3Project\Library\PackageCache\com.unity.visualscripting@1.8.0\Editor\VisualScripting.Core\Dependencies\YamlDotNet\Unity.VisualScripting.YamlDotNet.dll
Symbol file LoadedFromMemory doesn't match image A:\Google\魔兽争霸\War3Project\Library\PackageCache\com.unity.visualscripting@1.8.0\Editor\VisualScripting.Core\Dependencies\DotNetZip\Unity.VisualScripting.IonicZip.dll
- Loaded All Assemblies, in  0.879 seconds
Refreshing native plugins compatible for Editor in 0.44 ms, found 3 plugins.
Native extension for Android target not found
Native extension for WindowsStandalone target not found
Mono: successfully reloaded assembly
- Finished resetting the current domain, in  0.853 seconds
Domain Reload Profiling: 1732ms
	BeginReloadAssembly (379ms)
		ExecutionOrderSort (0ms)
		DisableScriptedObjects (6ms)
		BackupInstance (0ms)
		ReleaseScriptingObjects (0ms)
		CreateAndSetChildDomain (34ms)
	RebuildCommonClasses (43ms)
	RebuildNativeTypeToScriptingClass (17ms)
	initialDomainReloadingComplete (44ms)
	LoadAllAssembliesAndSetupDomain (396ms)
		LoadAssemblies (348ms)
		RebuildTransferFunctionScriptingTraits (0ms)
		AnalyzeDomain (166ms)
			TypeCache.Refresh (128ms)
				TypeCache.ScanAssembly (110ms)
			BuildScriptInfoCaches (28ms)
			ResolveRequiredComponents (6ms)
	FinalizeReload (853ms)
		ReleaseScriptCaches (0ms)
		RebuildScriptCaches (0ms)
		SetupLoadedEditorAssemblies (624ms)
			LogAssemblyErrors (0ms)
			InitializePlatformSupportModulesInManaged (22ms)
			SetLoadedEditorAssemblies (4ms)
			BeforeProcessingInitializeOnLoad (32ms)
			ProcessInitializeOnLoadAttributes (542ms)
			ProcessInitializeOnLoadMethodAttributes (21ms)
			AfterProcessingInitializeOnLoad (2ms)
			EditorAssembliesLoaded (0ms)
		ExecutionOrderSort2 (0ms)
		AwakeInstancesAfterBackupRestoration (7ms)
Launched and connected shader compiler UnityShaderCompiler.exe after 0.02 seconds
Refreshing native plugins compatible for Editor in 0.77 ms, found 3 plugins.
Preloading 0 native plugins for Editor in 0.00 ms.
Unloading 11 Unused Serialized files (Serialized files now loaded: 0)
Unloading 3064 unused Assets / (1.2 MB). Loaded Objects now: 3639.
Memory consumption went from 121.5 MB to 120.3 MB.
Total: 10.797600 ms (FindLiveObjects: 0.549500 ms CreateObjectMapping: 0.573200 ms MarkObjects: 7.588900 ms  DeleteObjects: 2.084100 ms)

========================================================================
Received Import Request.
  Time since last request: 475174.225890 seconds.
  path: Assets/ArtPackage/WAR3/Undead/Units/acolyte/Materials/Textures/undead_acolyte_main_emissive.png
  artifactKey: Guid(b2da6adf71b27ed49958da4ffc5850d9) Importer(2089858483,192608db42251d675da83286b1cce702)
Start importing Assets/ArtPackage/WAR3/Undead/Units/acolyte/Materials/Textures/undead_acolyte_main_emissive.png using Guid(b2da6adf71b27ed49958da4ffc5850d9) Importer(2089858483,192608db42251d675da83286b1cce702) (ScriptedImporter)Generated GUIDs only implemented for interfaces!
 -> (artifact id: '9657f82a8e7ce1282b16c7ad7a2afc63') in 0.1778846 seconds
Number of updated asset objects reloaded before import = 0Number of asset objects unloaded after import = 1

========================================================================
Received Import Request.
  Time since last request: 0.000087 seconds.
  path: Assets/Scripts/Mine.cs
  artifactKey: Guid(37b7b23200c4f974e827bdc29a55b94b) Importer(2089858483,192608db42251d675da83286b1cce702)
Start importing Assets/Scripts/Mine.cs using Guid(37b7b23200c4f974e827bdc29a55b94b) Importer(2089858483,192608db42251d675da83286b1cce702) (ScriptedImporter)Generated GUIDs only implemented for interfaces!
 -> (artifact id: '95b2629e60ac7c1b88399f710dd60242') in 0.0055496 seconds
Number of updated asset objects reloaded before import = 0Number of asset objects unloaded after import = 0

========================================================================
Received Import Request.
  Time since last request: 0.000147 seconds.
  path: Assets/Scenes/SampleScene.unity
  artifactKey: Guid(9fc0d4010bbf28b4594072e72b8655ab) Importer(2089858483,192608db42251d675da83286b1cce702)
Start importing Assets/Scenes/SampleScene.unity using Guid(9fc0d4010bbf28b4594072e72b8655ab) Importer(2089858483,192608db42251d675da83286b1cce702) (ScriptedImporter)Generated GUIDs only implemented for interfaces!
 -> (artifact id: '967f245bf30e54ce3dc407a888c6d5ae') in 0.030634 seconds
Number of updated asset objects reloaded before import = 0Number of asset objects unloaded after import = 1

========================================================================
Received Import Request.
  Time since last request: 0.000087 seconds.
  path: Assets/ArtPackage/WAR3/Undead/Units/abomination/Materials/undead_abomination_cloth_diffuse.mat
  artifactKey: Guid(aec0618d0a0eeda40b92caf1921af979) Importer(2089858483,192608db42251d675da83286b1cce702)
Start importing Assets/ArtPackage/WAR3/Undead/Units/abomination/Materials/undead_abomination_cloth_diffuse.mat using Guid(aec0618d0a0eeda40b92caf1921af979) Importer(2089858483,192608db42251d675da83286b1cce702) (ScriptedImporter)Generated GUIDs only implemented for interfaces!
 -> (artifact id: 'b8b28bfa728da376929ed5b7016fe3c0') in 0.0348308 seconds
Number of updated asset objects reloaded before import = 0Number of asset objects unloaded after import = 4

========================================================================
Received Import Request.
  Time since last request: 0.000018 seconds.
  path: Assets/ArtPackage/WAR3/Undead/Hero/undeadarthas/Materials/Textures/undead_arthasevil_cape_orm.png
  artifactKey: Guid(18eb9a37c4cff2c47b1bf1bd225882f0) Importer(2089858483,192608db42251d675da83286b1cce702)
Start importing Assets/ArtPackage/WAR3/Undead/Hero/undeadarthas/Materials/Textures/undead_arthasevil_cape_orm.png using Guid(18eb9a37c4cff2c47b1bf1bd225882f0) Importer(2089858483,192608db42251d675da83286b1cce702) (ScriptedImporter)Generated GUIDs only implemented for interfaces!
 -> (artifact id: 'e28c2d39aa9bc4121c28ec7ad6c962e0') in 0.0227764 seconds
Number of updated asset objects reloaded before import = 0Number of asset objects unloaded after import = 1

========================================================================
Received Import Request.
  Time since last request: 0.000146 seconds.
  path: Assets/ArtPackage/WAR3/Shader/War3Reforge-Hero-Spm.shader
  artifactKey: Guid(c807c16855e4ab4488f32f221f3badcc) Importer(2089858483,192608db42251d675da83286b1cce702)
Start importing Assets/ArtPackage/WAR3/Shader/War3Reforge-Hero-Spm.shader using Guid(c807c16855e4ab4488f32f221f3badcc) Importer(2089858483,192608db42251d675da83286b1cce702) (ScriptedImporter)Generated GUIDs only implemented for interfaces!
 -> (artifact id: '45fb0c1e223ed6ca46616d94e1fd2451') in 0.0175204 seconds
Number of updated asset objects reloaded before import = 0Number of asset objects unloaded after import = 1

========================================================================
Received Import Request.
  Time since last request: 0.000137 seconds.
  path: Assets/ArtPackage/WAR3/Undead/Buildings/templeofthedamned/Materials/Textures/undead_templeofthedamned_orm.png
  artifactKey: Guid(2792491c16695fe46a84a7537778d8bc) Importer(2089858483,192608db42251d675da83286b1cce702)
Start importing Assets/ArtPackage/WAR3/Undead/Buildings/templeofthedamned/Materials/Textures/undead_templeofthedamned_orm.png using Guid(2792491c16695fe46a84a7537778d8bc) Importer(2089858483,192608db42251d675da83286b1cce702) (ScriptedImporter)Generated GUIDs only implemented for interfaces!
 -> (artifact id: '4d0b5706ed8871dac660a2e22b0523c8') in 0.0307109 seconds
Number of updated asset objects reloaded before import = 0Number of asset objects unloaded after import = 1

========================================================================
Received Import Request.
  Time since last request: 0.000032 seconds.
  path: Assets/ArtPackage/WAR3/Undead/Hero/undeadarthas/Materials/Textures/undead_arthasevil_main_diffuse.png
  artifactKey: Guid(e1ecb78dd9efe2242a06665a4be332c1) Importer(2089858483,192608db42251d675da83286b1cce702)
Start importing Assets/ArtPackage/WAR3/Undead/Hero/undeadarthas/Materials/Textures/undead_arthasevil_main_diffuse.png using Guid(e1ecb78dd9efe2242a06665a4be332c1) Importer(2089858483,192608db42251d675da83286b1cce702) (ScriptedImporter)Generated GUIDs only implemented for interfaces!
 -> (artifact id: '3292ea5928518d763d2e3f0b853370ee') in 0.0164034 seconds
Number of updated asset objects reloaded before import = 0Number of asset objects unloaded after import = 1

========================================================================
Received Import Request.
  Time since last request: 0.000154 seconds.
  path: Assets/ArtPackage/WAR3/Undead/Units/ghoul/Materials/Textures/undead_ghoul_main_orm.png
  artifactKey: Guid(eae96a1a63303fb45b7cf3d26d29b43d) Importer(2089858483,192608db42251d675da83286b1cce702)
Start importing Assets/ArtPackage/WAR3/Undead/Units/ghoul/Materials/Textures/undead_ghoul_main_orm.png using Guid(eae96a1a63303fb45b7cf3d26d29b43d) Importer(2089858483,192608db42251d675da83286b1cce702) (ScriptedImporter)Generated GUIDs only implemented for interfaces!
 -> (artifact id: '29232fe2221fc2278914637d88f8471f') in 0.0146117 seconds
Number of updated asset objects reloaded before import = 0Number of asset objects unloaded after import = 1

========================================================================
Received Import Request.
  Time since last request: 0.000137 seconds.
  path: Assets/ArtPackage/WAR3/Undead/Hero/undeadarthas/Materials/Textures/undead_arthasevil_sword_diffuse.png
  artifactKey: Guid(51e2f631084787442a0e9ef3001f47b6) Importer(2089858483,192608db42251d675da83286b1cce702)
Start importing Assets/ArtPackage/WAR3/Undead/Hero/undeadarthas/Materials/Textures/undead_arthasevil_sword_diffuse.png using Guid(51e2f631084787442a0e9ef3001f47b6) Importer(2089858483,192608db42251d675da83286b1cce702) (ScriptedImporter)Generated GUIDs only implemented for interfaces!
 -> (artifact id: '01166c7e3c1148f1b9e5cbc4405b0f26') in 0.0157965 seconds
Number of updated asset objects reloaded before import = 0Number of asset objects unloaded after import = 1

========================================================================
Received Import Request.
  Time since last request: 0.000133 seconds.
  path: Assets/UI/BTNBlackCitadel.jpg
  artifactKey: Guid(e411359bf6f222d49ae6830b7d8ff35e) Importer(2089858483,192608db42251d675da83286b1cce702)
Start importing Assets/UI/BTNBlackCitadel.jpg using Guid(e411359bf6f222d49ae6830b7d8ff35e) Importer(2089858483,192608db42251d675da83286b1cce702) (ScriptedImporter)Generated GUIDs only implemented for interfaces!
 -> (artifact id: '82a82b068d63ff2210fe313566b16492') in 0.0206881 seconds
Number of updated asset objects reloaded before import = 0Number of asset objects unloaded after import = 3

========================================================================
Received Import Request.
  Time since last request: 0.000051 seconds.
  path: Assets/ArtPackage/WAR3/Undead/Buildings/necropolis/Blackcitadelbirth.prefab
  artifactKey: Guid(e99a3976bf0946f4888f674873e9fc8e) Importer(2089858483,192608db42251d675da83286b1cce702)
Start importing Assets/ArtPackage/WAR3/Undead/Buildings/necropolis/Blackcitadelbirth.prefab using Guid(e99a3976bf0946f4888f674873e9fc8e) Importer(2089858483,192608db42251d675da83286b1cce702) (ScriptedImporter)Generated GUIDs only implemented for interfaces!
 -> (artifact id: 'b379e3d3457abe906634fea31e52236c') in 0.0279523 seconds
Number of updated asset objects reloaded before import = 0Number of asset objects unloaded after import = 162

========================================================================
Received Import Request.
  Time since last request: 0.000036 seconds.
  path: Assets/ArtPackage/WAR3/Undead/Hero/undeadarthas/Materials/Textures/undead_arthasevil_pauldron_diffuse.png
  artifactKey: Guid(2398bf50cb101e548807f6f4fbfc64ab) Importer(2089858483,192608db42251d675da83286b1cce702)
Start importing Assets/ArtPackage/WAR3/Undead/Hero/undeadarthas/Materials/Textures/undead_arthasevil_pauldron_diffuse.png using Guid(2398bf50cb101e548807f6f4fbfc64ab) Importer(2089858483,192608db42251d675da83286b1cce702) (ScriptedImporter)Generated GUIDs only implemented for interfaces!
 -> (artifact id: 'bb351fce03ada33bf141666d25af4d0c') in 0.0163748 seconds
Number of updated asset objects reloaded before import = 0Number of asset objects unloaded after import = 1

========================================================================
Received Import Request.
  Time since last request: 0.000086 seconds.
  path: Assets/ArtPackage/WAR3/Scene/Plant/ashencanopytree/FBX/Death 2.anim
  artifactKey: Guid(0ad8e83592863a84ab11be9865b764d5) Importer(2089858483,192608db42251d675da83286b1cce702)
Start importing Assets/ArtPackage/WAR3/Scene/Plant/ashencanopytree/FBX/Death 2.anim using Guid(0ad8e83592863a84ab11be9865b764d5) Importer(2089858483,192608db42251d675da83286b1cce702) (ScriptedImporter)Generated GUIDs only implemented for interfaces!
 -> (artifact id: 'f1f08e25a3dee6125b6a556fe577cfb8') in 0.0137212 seconds
Number of updated asset objects reloaded before import = 0Number of asset objects unloaded after import = 1

========================================================================
Received Import Request.
  Time since last request: 0.000156 seconds.
  path: Assets/ArtPackage/WAR3/Scene/Plant/ashencanopytree/Materials/Textures/av_tree_ashenvaletreewall_orm.png
  artifactKey: Guid(fe2a29f85ec24d94d88d655c6260df49) Importer(2089858483,192608db42251d675da83286b1cce702)
Start importing Assets/ArtPackage/WAR3/Scene/Plant/ashencanopytree/Materials/Textures/av_tree_ashenvaletreewall_orm.png using Guid(fe2a29f85ec24d94d88d655c6260df49) Importer(2089858483,192608db42251d675da83286b1cce702) (ScriptedImporter)Generated GUIDs only implemented for interfaces!
 -> (artifact id: '2fb8ed301b4af052d75731a610e2c5c5') in 0.0177446 seconds
Number of updated asset objects reloaded before import = 0Number of asset objects unloaded after import = 1

========================================================================
Received Import Request.
  Time since last request: 0.000064 seconds.
  path: Assets/ArtPackage/WAR3/Undead/Buildings/templeofthedamned/FBX/Decay.anim
  artifactKey: Guid(a7e3cc12d82cadd4da231b7ad0cd8675) Importer(2089858483,192608db42251d675da83286b1cce702)
Start importing Assets/ArtPackage/WAR3/Undead/Buildings/templeofthedamned/FBX/Decay.anim using Guid(a7e3cc12d82cadd4da231b7ad0cd8675) Importer(2089858483,192608db42251d675da83286b1cce702) (ScriptedImporter)Generated GUIDs only implemented for interfaces!
 -> (artifact id: '80d22b37b4b7a60dd8826207bef4a907') in 0.0071835 seconds
Number of updated asset objects reloaded before import = 0Number of asset objects unloaded after import = 1

========================================================================
Received Import Request.
  Time since last request: 0.000119 seconds.
  path: Assets/ArtPackage/WAR3/Undead/Hero/undeadarthas/FBX/Cinematic Attack Three.anim
  artifactKey: Guid(b78bee497194a804bb837c7afeb3899f) Importer(2089858483,192608db42251d675da83286b1cce702)
Start importing Assets/ArtPackage/WAR3/Undead/Hero/undeadarthas/FBX/Cinematic Attack Three.anim using Guid(b78bee497194a804bb837c7afeb3899f) Importer(2089858483,192608db42251d675da83286b1cce702) (ScriptedImporter)Generated GUIDs only implemented for interfaces!
 -> (artifact id: 'd9d10cb906c376726a635ec8a73e4a8a') in 0.0299213 seconds
Number of updated asset objects reloaded before import = 0Number of asset objects unloaded after import = 1

========================================================================
Received Prepare
Refreshing native plugins compatible for Editor in 0.47 ms, found 3 plugins.
Preloading 0 native plugins for Editor in 0.00 ms.
Unloading 0 Unused Serialized files (Serialized files now loaded: 0)
Unloading 3057 unused Assets / (0.7 MB). Loaded Objects now: 3641.
Memory consumption went from 118.8 MB to 118.1 MB.
Total: 107.730300 ms (FindLiveObjects: 1.298100 ms CreateObjectMapping: 0.235000 ms MarkObjects: 105.137400 ms  DeleteObjects: 1.057600 ms)

Prepare: number of updated asset objects reloaded= 0
========================================================================
Received Import Request.
  Time since last request: 4594.123534 seconds.
  path: Assets/Scripts/My_Rewriting_Script/Character_Player.cs
  artifactKey: Guid(f9681217e9f275446a8634d252ee509e) Importer(2089858483,192608db42251d675da83286b1cce702)
Start importing Assets/Scripts/My_Rewriting_Script/Character_Player.cs using Guid(f9681217e9f275446a8634d252ee509e) Importer(2089858483,192608db42251d675da83286b1cce702) (ScriptedImporter)Generated GUIDs only implemented for interfaces!
 -> (artifact id: '4bdef9788adbec44362f6b59e073f947') in 0.0422207 seconds
Number of updated asset objects reloaded before import = 0Number of asset objects unloaded after import = 0

========================================================================
Received Import Request.
  Time since last request: 0.000049 seconds.
  path: Assets/Scripts/My_Rewriting_Script/Games_Controller.cs
  artifactKey: Guid(b44380bdfa50ef54c852c842cf58dd97) Importer(2089858483,192608db42251d675da83286b1cce702)
Start importing Assets/Scripts/My_Rewriting_Script/Games_Controller.cs using Guid(b44380bdfa50ef54c852c842cf58dd97) Importer(2089858483,192608db42251d675da83286b1cce702) (ScriptedImporter)Generated GUIDs only implemented for interfaces!
 -> (artifact id: '47f8283480ce6d1f905288a59e87ad1b') in 0.0057892 seconds
Number of updated asset objects reloaded before import = 0Number of asset objects unloaded after import = 0

========================================================================
Received Import Request.
  Time since last request: 0.000132 seconds.
  path: Assets/Scripts/My_Rewriting_Script/Games_Unit.cs
  artifactKey: Guid(7e62412349c8c304e84b9b48ee21f094) Importer(2089858483,192608db42251d675da83286b1cce702)
Start importing Assets/Scripts/My_Rewriting_Script/Games_Unit.cs using Guid(7e62412349c8c304e84b9b48ee21f094) Importer(2089858483,192608db42251d675da83286b1cce702) (ScriptedImporter)Generated GUIDs only implemented for interfaces!
 -> (artifact id: '0134e2fc6d91f72edffcf4ecd64a426f') in 0.0043223 seconds
Number of updated asset objects reloaded before import = 0Number of asset objects unloaded after import = 0

========================================================================
Received Prepare
Refreshing native plugins compatible for Editor in 0.50 ms, found 3 plugins.
Preloading 0 native plugins for Editor in 0.00 ms.
Unloading 0 Unused Serialized files (Serialized files now loaded: 0)
Unloading 3057 unused Assets / (0.8 MB). Loaded Objects now: 3641.
Memory consumption went from 118.8 MB to 118.0 MB.
Total: 5.594600 ms (FindLiveObjects: 0.400600 ms CreateObjectMapping: 0.253400 ms MarkObjects: 4.122900 ms  DeleteObjects: 0.816200 ms)

Prepare: number of updated asset objects reloaded= 0
========================================================================
Received Prepare
Refreshing native plugins compatible for Editor in 0.49 ms, found 3 plugins.
Preloading 0 native plugins for Editor in 0.00 ms.
Unloading 0 Unused Serialized files (Serialized files now loaded: 0)
Unloading 3057 unused Assets / (1.0 MB). Loaded Objects now: 3641.
Memory consumption went from 118.8 MB to 117.8 MB.
Total: 6.584200 ms (FindLiveObjects: 0.502300 ms CreateObjectMapping: 0.226500 ms MarkObjects: 4.386500 ms  DeleteObjects: 1.466800 ms)

Prepare: number of updated asset objects reloaded= 0
========================================================================
Received Prepare
Refreshing native plugins compatible for Editor in 0.83 ms, found 3 plugins.
Preloading 0 native plugins for Editor in 0.00 ms.
Unloading 0 Unused Serialized files (Serialized files now loaded: 0)
Unloading 3057 unused Assets / (0.8 MB). Loaded Objects now: 3641.
Memory consumption went from 118.8 MB to 118.0 MB.
Total: 5.719500 ms (FindLiveObjects: 0.412100 ms CreateObjectMapping: 0.521700 ms MarkObjects: 3.948700 ms  DeleteObjects: 0.834900 ms)

Prepare: number of updated asset objects reloaded= 0
========================================================================
Received Prepare
Refreshing native plugins compatible for Editor in 0.66 ms, found 3 plugins.
Preloading 0 native plugins for Editor in 0.00 ms.
Unloading 0 Unused Serialized files (Serialized files now loaded: 0)
Unloading 3057 unused Assets / (0.6 MB). Loaded Objects now: 3641.
Memory consumption went from 118.8 MB to 118.2 MB.
Total: 9.562300 ms (FindLiveObjects: 0.479100 ms CreateObjectMapping: 0.339000 ms MarkObjects: 7.916500 ms  DeleteObjects: 0.825400 ms)

Prepare: number of updated asset objects reloaded= 0
========================================================================
Received Prepare
Refreshing native plugins compatible for Editor in 0.44 ms, found 3 plugins.
Preloading 0 native plugins for Editor in 0.00 ms.
Unloading 0 Unused Serialized files (Serialized files now loaded: 0)
Unloading 3057 unused Assets / (0.9 MB). Loaded Objects now: 3641.
Memory consumption went from 118.8 MB to 118.0 MB.
Total: 4.822000 ms (FindLiveObjects: 0.354600 ms CreateObjectMapping: 0.210700 ms MarkObjects: 3.598300 ms  DeleteObjects: 0.657200 ms)

Prepare: number of updated asset objects reloaded= 0
========================================================================
Received Prepare
Refreshing native plugins compatible for Editor in 0.56 ms, found 3 plugins.
Preloading 0 native plugins for Editor in 0.00 ms.
Unloading 0 Unused Serialized files (Serialized files now loaded: 0)
Unloading 3057 unused Assets / (0.6 MB). Loaded Objects now: 3641.
Memory consumption went from 118.8 MB to 118.2 MB.
Total: 6.082400 ms (FindLiveObjects: 0.392900 ms CreateObjectMapping: 0.156100 ms MarkObjects: 4.876300 ms  DeleteObjects: 0.655200 ms)

Prepare: number of updated asset objects reloaded= 0
========================================================================
Received Prepare
Refreshing native plugins compatible for Editor in 0.90 ms, found 3 plugins.
Preloading 0 native plugins for Editor in 0.00 ms.
Unloading 0 Unused Serialized files (Serialized files now loaded: 0)
Unloading 3057 unused Assets / (0.8 MB). Loaded Objects now: 3641.
Memory consumption went from 118.8 MB to 118.0 MB.
Total: 9.191400 ms (FindLiveObjects: 0.531500 ms CreateObjectMapping: 0.247200 ms MarkObjects: 7.405500 ms  DeleteObjects: 1.005100 ms)

Prepare: number of updated asset objects reloaded= 0
========================================================================
Received Import Request.
  Time since last request: 2470.093697 seconds.
  path: Assets/Scripts/Character.cs
  artifactKey: Guid(9f2e5b7b32b396f4ea7217014fd68368) Importer(2089858483,192608db42251d675da83286b1cce702)
Start importing Assets/Scripts/Character.cs using Guid(9f2e5b7b32b396f4ea7217014fd68368) Importer(2089858483,192608db42251d675da83286b1cce702) (ScriptedImporter)Generated GUIDs only implemented for interfaces!
 -> (artifact id: '624940918bf656d1ee32b2e1f9939134') in 0.0232246 seconds
Number of updated asset objects reloaded before import = 0Number of asset objects unloaded after import = 0

========================================================================
Received Prepare
Refreshing native plugins compatible for Editor in 0.61 ms, found 3 plugins.
Preloading 0 native plugins for Editor in 0.00 ms.
Unloading 0 Unused Serialized files (Serialized files now loaded: 0)
Unloading 3057 unused Assets / (0.9 MB). Loaded Objects now: 3641.
Memory consumption went from 118.8 MB to 118.0 MB.
Total: 4.869200 ms (FindLiveObjects: 0.317200 ms CreateObjectMapping: 0.220400 ms MarkObjects: 3.637500 ms  DeleteObjects: 0.692900 ms)

Prepare: number of updated asset objects reloaded= 0
========================================================================
Received Prepare
Refreshing native plugins compatible for Editor in 0.80 ms, found 3 plugins.
Preloading 0 native plugins for Editor in 0.00 ms.
Unloading 0 Unused Serialized files (Serialized files now loaded: 0)
Unloading 3057 unused Assets / (0.7 MB). Loaded Objects now: 3641.
Memory consumption went from 118.8 MB to 118.1 MB.
Total: 5.681300 ms (FindLiveObjects: 0.476200 ms CreateObjectMapping: 0.155700 ms MarkObjects: 4.384300 ms  DeleteObjects: 0.663500 ms)

Prepare: number of updated asset objects reloaded= 0
========================================================================
Received Prepare
Refreshing native plugins compatible for Editor in 1.24 ms, found 3 plugins.
Preloading 0 native plugins for Editor in 0.00 ms.
Unloading 0 Unused Serialized files (Serialized files now loaded: 0)
Unloading 3057 unused Assets / (1.0 MB). Loaded Objects now: 3641.
Memory consumption went from 118.8 MB to 117.8 MB.
Total: 8.668600 ms (FindLiveObjects: 0.580500 ms CreateObjectMapping: 0.260400 ms MarkObjects: 6.492000 ms  DeleteObjects: 1.333900 ms)

Prepare: number of updated asset objects reloaded= 0
========================================================================
Received Prepare
Refreshing native plugins compatible for Editor in 0.49 ms, found 3 plugins.
Preloading 0 native plugins for Editor in 0.00 ms.
Unloading 0 Unused Serialized files (Serialized files now loaded: 0)
Unloading 3057 unused Assets / (1.0 MB). Loaded Objects now: 3641.
Memory consumption went from 118.8 MB to 117.8 MB.
Total: 6.012500 ms (FindLiveObjects: 0.390700 ms CreateObjectMapping: 0.356900 ms MarkObjects: 4.386500 ms  DeleteObjects: 0.877200 ms)

Prepare: number of updated asset objects reloaded= 0
========================================================================
Received Prepare
Refreshing native plugins compatible for Editor in 0.43 ms, found 3 plugins.
Preloading 0 native plugins for Editor in 0.00 ms.
Unloading 0 Unused Serialized files (Serialized files now loaded: 0)
Unloading 3057 unused Assets / (0.8 MB). Loaded Objects now: 3641.
Memory consumption went from 118.8 MB to 118.0 MB.
Total: 6.599300 ms (FindLiveObjects: 0.462800 ms CreateObjectMapping: 0.204900 ms MarkObjects: 4.956200 ms  DeleteObjects: 0.973500 ms)

Prepare: number of updated asset objects reloaded= 0
========================================================================
Received Prepare
Refreshing native plugins compatible for Editor in 0.50 ms, found 3 plugins.
Preloading 0 native plugins for Editor in 0.00 ms.
Unloading 0 Unused Serialized files (Serialized files now loaded: 0)
Unloading 3057 unused Assets / (0.9 MB). Loaded Objects now: 3641.
Memory consumption went from 118.8 MB to 117.9 MB.
Total: 6.554100 ms (FindLiveObjects: 0.564900 ms CreateObjectMapping: 0.529700 ms MarkObjects: 4.625600 ms  DeleteObjects: 0.832100 ms)

Prepare: number of updated asset objects reloaded= 0
========================================================================
Received Prepare
Refreshing native plugins compatible for Editor in 0.36 ms, found 3 plugins.
Preloading 0 native plugins for Editor in 0.00 ms.
Unloading 0 Unused Serialized files (Serialized files now loaded: 0)
Unloading 3057 unused Assets / (0.9 MB). Loaded Objects now: 3641.
Memory consumption went from 118.8 MB to 117.9 MB.
Total: 4.820600 ms (FindLiveObjects: 0.292300 ms CreateObjectMapping: 0.224900 ms MarkObjects: 3.618500 ms  DeleteObjects: 0.683800 ms)

Prepare: number of updated asset objects reloaded= 0
========================================================================
Received Prepare
Refreshing native plugins compatible for Editor in 0.36 ms, found 3 plugins.
Preloading 0 native plugins for Editor in 0.00 ms.
Unloading 0 Unused Serialized files (Serialized files now loaded: 0)
Unloading 3057 unused Assets / (0.9 MB). Loaded Objects now: 3641.
Memory consumption went from 118.8 MB to 118.0 MB.
Total: 4.921600 ms (FindLiveObjects: 0.276800 ms CreateObjectMapping: 0.196400 ms MarkObjects: 3.728500 ms  DeleteObjects: 0.718400 ms)

Prepare: number of updated asset objects reloaded= 0
========================================================================
Received Prepare
Refreshing native plugins compatible for Editor in 0.43 ms, found 3 plugins.
Preloading 0 native plugins for Editor in 0.00 ms.
Unloading 0 Unused Serialized files (Serialized files now loaded: 0)
Unloading 3057 unused Assets / (1.0 MB). Loaded Objects now: 3641.
Memory consumption went from 118.8 MB to 117.8 MB.
Total: 7.822700 ms (FindLiveObjects: 0.523400 ms CreateObjectMapping: 0.260200 ms MarkObjects: 5.401900 ms  DeleteObjects: 1.635100 ms)

Prepare: number of updated asset objects reloaded= 0
========================================================================
Received Prepare
Refreshing native plugins compatible for Editor in 0.64 ms, found 3 plugins.
Preloading 0 native plugins for Editor in 0.00 ms.
Unloading 0 Unused Serialized files (Serialized files now loaded: 0)
Unloading 3057 unused Assets / (0.9 MB). Loaded Objects now: 3641.
Memory consumption went from 118.8 MB to 117.9 MB.
Total: 6.186700 ms (FindLiveObjects: 0.284100 ms CreateObjectMapping: 0.247600 ms MarkObjects: 4.710600 ms  DeleteObjects: 0.942000 ms)

Prepare: number of updated asset objects reloaded= 0
========================================================================
Received Prepare
Refreshing native plugins compatible for Editor in 0.76 ms, found 3 plugins.
Preloading 0 native plugins for Editor in 0.00 ms.
Unloading 0 Unused Serialized files (Serialized files now loaded: 0)
Unloading 3057 unused Assets / (0.9 MB). Loaded Objects now: 3641.
Memory consumption went from 118.8 MB to 117.9 MB.
Total: 5.238300 ms (FindLiveObjects: 0.302100 ms CreateObjectMapping: 0.419200 ms MarkObjects: 3.744300 ms  DeleteObjects: 0.771800 ms)

Prepare: number of updated asset objects reloaded= 0
========================================================================
Received Prepare
Refreshing native plugins compatible for Editor in 0.37 ms, found 3 plugins.
Preloading 0 native plugins for Editor in 0.00 ms.
Unloading 0 Unused Serialized files (Serialized files now loaded: 0)
Unloading 3057 unused Assets / (0.9 MB). Loaded Objects now: 3641.
Memory consumption went from 118.8 MB to 118.0 MB.
Total: 4.885300 ms (FindLiveObjects: 0.327500 ms CreateObjectMapping: 0.204600 ms MarkObjects: 3.621800 ms  DeleteObjects: 0.730400 ms)

Prepare: number of updated asset objects reloaded= 0
========================================================================
Received Prepare
Refreshing native plugins compatible for Editor in 0.50 ms, found 3 plugins.
Preloading 0 native plugins for Editor in 0.00 ms.
Unloading 0 Unused Serialized files (Serialized files now loaded: 0)
Unloading 3057 unused Assets / (0.6 MB). Loaded Objects now: 3641.
Memory consumption went from 118.8 MB to 118.3 MB.
Total: 5.322100 ms (FindLiveObjects: 0.298900 ms CreateObjectMapping: 0.198700 ms MarkObjects: 4.142900 ms  DeleteObjects: 0.680000 ms)

Prepare: number of updated asset objects reloaded= 0
========================================================================
Received Prepare
Refreshing native plugins compatible for Editor in 0.41 ms, found 3 plugins.
Preloading 0 native plugins for Editor in 0.00 ms.
Unloading 0 Unused Serialized files (Serialized files now loaded: 0)
Unloading 3057 unused Assets / (0.9 MB). Loaded Objects now: 3641.
Memory consumption went from 118.8 MB to 118.0 MB.
Total: 5.657100 ms (FindLiveObjects: 0.333300 ms CreateObjectMapping: 0.215800 ms MarkObjects: 4.340600 ms  DeleteObjects: 0.765800 ms)

Prepare: number of updated asset objects reloaded= 0
========================================================================
Received Prepare
Refreshing native plugins compatible for Editor in 0.33 ms, found 3 plugins.
Preloading 0 native plugins for Editor in 0.00 ms.
Unloading 0 Unused Serialized files (Serialized files now loaded: 0)
Unloading 3057 unused Assets / (0.9 MB). Loaded Objects now: 3641.
Memory consumption went from 118.8 MB to 117.9 MB.
Total: 5.474200 ms (FindLiveObjects: 0.284800 ms CreateObjectMapping: 0.217900 ms MarkObjects: 4.220300 ms  DeleteObjects: 0.749900 ms)

Prepare: number of updated asset objects reloaded= 0
========================================================================
Received Prepare
Refreshing native plugins compatible for Editor in 0.97 ms, found 3 plugins.
Preloading 0 native plugins for Editor in 0.00 ms.
Unloading 0 Unused Serialized files (Serialized files now loaded: 0)
Unloading 3057 unused Assets / (0.9 MB). Loaded Objects now: 3641.
Memory consumption went from 118.8 MB to 117.9 MB.
Total: 6.465700 ms (FindLiveObjects: 0.450000 ms CreateObjectMapping: 0.136300 ms MarkObjects: 5.212100 ms  DeleteObjects: 0.665700 ms)

Prepare: number of updated asset objects reloaded= 0
========================================================================
Received Prepare
Refreshing native plugins compatible for Editor in 0.82 ms, found 3 plugins.
Preloading 0 native plugins for Editor in 0.00 ms.
Unloading 0 Unused Serialized files (Serialized files now loaded: 0)
Unloading 3057 unused Assets / (0.6 MB). Loaded Objects now: 3641.
Memory consumption went from 118.8 MB to 118.2 MB.
Total: 10.020800 ms (FindLiveObjects: 0.523500 ms CreateObjectMapping: 0.242300 ms MarkObjects: 8.313700 ms  DeleteObjects: 0.939800 ms)

Prepare: number of updated asset objects reloaded= 0
========================================================================
Received Prepare
Refreshing native plugins compatible for Editor in 0.52 ms, found 3 plugins.
Preloading 0 native plugins for Editor in 0.00 ms.
Unloading 0 Unused Serialized files (Serialized files now loaded: 0)
Unloading 3057 unused Assets / (0.9 MB). Loaded Objects now: 3641.
Memory consumption went from 118.8 MB to 118.0 MB.
Total: 5.412300 ms (FindLiveObjects: 0.312900 ms CreateObjectMapping: 0.231800 ms MarkObjects: 4.030400 ms  DeleteObjects: 0.835400 ms)

Prepare: number of updated asset objects reloaded= 0
========================================================================
Received Prepare
Refreshing native plugins compatible for Editor in 0.77 ms, found 3 plugins.
Preloading 0 native plugins for Editor in 0.00 ms.
Unloading 0 Unused Serialized files (Serialized files now loaded: 0)
Unloading 3057 unused Assets / (0.9 MB). Loaded Objects now: 3641.
Memory consumption went from 118.8 MB to 117.9 MB.
Total: 10.108700 ms (FindLiveObjects: 0.472600 ms CreateObjectMapping: 0.217000 ms MarkObjects: 7.136100 ms  DeleteObjects: 2.280900 ms)

Prepare: number of updated asset objects reloaded= 0
========================================================================
Received Prepare
Refreshing native plugins compatible for Editor in 0.44 ms, found 3 plugins.
Preloading 0 native plugins for Editor in 0.00 ms.
Unloading 0 Unused Serialized files (Serialized files now loaded: 0)
Unloading 3057 unused Assets / (0.7 MB). Loaded Objects now: 3641.
Memory consumption went from 118.8 MB to 118.1 MB.
Total: 5.712500 ms (FindLiveObjects: 0.291600 ms CreateObjectMapping: 0.368400 ms MarkObjects: 4.324200 ms  DeleteObjects: 0.727200 ms)

Prepare: number of updated asset objects reloaded= 0
========================================================================
Received Prepare
Refreshing native plugins compatible for Editor in 0.89 ms, found 3 plugins.
Preloading 0 native plugins for Editor in 0.00 ms.
Unloading 0 Unused Serialized files (Serialized files now loaded: 0)
Unloading 3057 unused Assets / (430.6 KB). Loaded Objects now: 3641.
Memory consumption went from 118.8 MB to 118.4 MB.
Total: 7.272200 ms (FindLiveObjects: 0.470300 ms CreateObjectMapping: 0.198000 ms MarkObjects: 5.867900 ms  DeleteObjects: 0.734500 ms)

Prepare: number of updated asset objects reloaded= 0
========================================================================
Received Prepare
Refreshing native plugins compatible for Editor in 0.48 ms, found 3 plugins.
Preloading 0 native plugins for Editor in 0.00 ms.
Unloading 0 Unused Serialized files (Serialized files now loaded: 0)
Unloading 3057 unused Assets / (0.9 MB). Loaded Objects now: 3641.
Memory consumption went from 118.8 MB to 117.9 MB.
Total: 5.460300 ms (FindLiveObjects: 0.315500 ms CreateObjectMapping: 0.201100 ms MarkObjects: 4.223000 ms  DeleteObjects: 0.719600 ms)

Prepare: number of updated asset objects reloaded= 0
========================================================================
Received Prepare
Refreshing native plugins compatible for Editor in 0.35 ms, found 3 plugins.
Preloading 0 native plugins for Editor in 0.00 ms.
Unloading 0 Unused Serialized files (Serialized files now loaded: 0)
Unloading 3057 unused Assets / (0.9 MB). Loaded Objects now: 3641.
Memory consumption went from 118.8 MB to 117.9 MB.
Total: 4.991400 ms (FindLiveObjects: 0.286600 ms CreateObjectMapping: 0.186300 ms MarkObjects: 3.878600 ms  DeleteObjects: 0.638600 ms)

Prepare: number of updated asset objects reloaded= 0
========================================================================
Received Prepare
Refreshing native plugins compatible for Editor in 0.82 ms, found 3 plugins.
Preloading 0 native plugins for Editor in 0.00 ms.
Unloading 0 Unused Serialized files (Serialized files now loaded: 0)
Unloading 3057 unused Assets / (0.9 MB). Loaded Objects now: 3641.
Memory consumption went from 118.8 MB to 118.0 MB.
Total: 5.632700 ms (FindLiveObjects: 0.282200 ms CreateObjectMapping: 0.197200 ms MarkObjects: 4.465800 ms  DeleteObjects: 0.686000 ms)

Prepare: number of updated asset objects reloaded= 0
========================================================================
Received Prepare
Begin MonoManager ReloadAssembly
C:\build\output\Unity-Technologies\mono\mono\metadata\icall.c:1842:
C:\build\output\Unity-Technologies\mono\mono\metadata\icall.c:1842:
C:\build\output\Unity-Technologies\mono\mono\metadata\icall.c:1842:
C:\build\output\Unity-Technologies\mono\mono\metadata\icall.c:1842:
C:\build\output\Unity-Technologies\mono\mono\metadata\icall.c:1842:
C:\build\output\Unity-Technologies\mono\mono\metadata\icall.c:1842:
C:\build\output\Unity-Technologies\mono\mono\metadata\icall.c:1842:
C:\build\output\Unity-Technologies\mono\mono\metadata\icall.c:1842:
C:\build\output\Unity-Technologies\mono\mono\metadata\icall.c:1842:
C:\build\output\Unity-Technologies\mono\mono\metadata\icall.c:1842:
C:\build\output\Unity-Technologies\mono\mono\metadata\icall.c:1842:
C:\build\output\Unity-Technologies\mono\mono\metadata\icall.c:1842:
Symbol file LoadedFromMemory doesn't match image A:\Google\魔兽争霸\War3Project\Library\PackageCache\com.unity.visualscripting@1.8.0\Editor\VisualScripting.Core\Dependencies\YamlDotNet\Unity.VisualScripting.YamlDotNet.dll
Symbol file LoadedFromMemory doesn't match image A:\Google\魔兽争霸\War3Project\Library\PackageCache\com.unity.visualscripting@1.8.0\Editor\VisualScripting.Core\Dependencies\DotNetZip\Unity.VisualScripting.IonicZip.dll
- Loaded All Assemblies, in  0.785 seconds
Refreshing native plugins compatible for Editor in 0.33 ms, found 3 plugins.
Native extension for Android target not found
Native extension for WindowsStandalone target not found
Mono: successfully reloaded assembly
- Finished resetting the current domain, in  0.665 seconds
Domain Reload Profiling: 1451ms
	BeginReloadAssembly (344ms)
		ExecutionOrderSort (0ms)
		DisableScriptedObjects (16ms)
		BackupInstance (0ms)
		ReleaseScriptingObjects (0ms)
		CreateAndSetChildDomain (103ms)
	RebuildCommonClasses (37ms)
	RebuildNativeTypeToScriptingClass (10ms)
	initialDomainReloadingComplete (24ms)
	LoadAllAssembliesAndSetupDomain (371ms)
		LoadAssemblies (438ms)
		RebuildTransferFunctionScriptingTraits (0ms)
		AnalyzeDomain (96ms)
			TypeCache.Refresh (10ms)
				TypeCache.ScanAssembly (0ms)
			BuildScriptInfoCaches (79ms)
			ResolveRequiredComponents (3ms)
	FinalizeReload (665ms)
		ReleaseScriptCaches (0ms)
		RebuildScriptCaches (0ms)
		SetupLoadedEditorAssemblies (475ms)
			LogAssemblyErrors (0ms)
			InitializePlatformSupportModulesInManaged (21ms)
			SetLoadedEditorAssemblies (5ms)
			BeforeProcessingInitializeOnLoad (29ms)
			ProcessInitializeOnLoadAttributes (401ms)
			ProcessInitializeOnLoadMethodAttributes (18ms)
			AfterProcessingInitializeOnLoad (2ms)
			EditorAssembliesLoaded (0ms)
		ExecutionOrderSort2 (0ms)
		AwakeInstancesAfterBackupRestoration (7ms)
Refreshing native plugins compatible for Editor in 0.34 ms, found 3 plugins.
Preloading 0 native plugins for Editor in 0.00 ms.
Unloading 0 Unused Serialized files (Serialized files now loaded: 0)
Unloading 3062 unused Assets / (0.8 MB). Loaded Objects now: 3641.
Memory consumption went from 121.6 MB to 120.8 MB.
Total: 4.124900 ms (FindLiveObjects: 0.262800 ms CreateObjectMapping: 0.183000 ms MarkObjects: 2.995500 ms  DeleteObjects: 0.682900 ms)

Prepare: number of updated asset objects reloaded= 0
========================================================================
Received Prepare
Begin MonoManager ReloadAssembly
C:\build\output\Unity-Technologies\mono\mono\metadata\icall.c:1842:
C:\build\output\Unity-Technologies\mono\mono\metadata\icall.c:1842:
C:\build\output\Unity-Technologies\mono\mono\metadata\icall.c:1842:
C:\build\output\Unity-Technologies\mono\mono\metadata\icall.c:1842:
C:\build\output\Unity-Technologies\mono\mono\metadata\icall.c:1842:
C:\build\output\Unity-Technologies\mono\mono\metadata\icall.c:1842:
C:\build\output\Unity-Technologies\mono\mono\metadata\icall.c:1842:
C:\build\output\Unity-Technologies\mono\mono\metadata\icall.c:1842:
C:\build\output\Unity-Technologies\mono\mono\metadata\icall.c:1842:
C:\build\output\Unity-Technologies\mono\mono\metadata\icall.c:1842:
C:\build\output\Unity-Technologies\mono\mono\metadata\icall.c:1842:
C:\build\output\Unity-Technologies\mono\mono\metadata\icall.c:1842:
Symbol file LoadedFromMemory doesn't match image A:\Google\魔兽争霸\War3Project\Library\PackageCache\com.unity.visualscripting@1.8.0\Editor\VisualScripting.Core\Dependencies\YamlDotNet\Unity.VisualScripting.YamlDotNet.dll
Symbol file LoadedFromMemory doesn't match image A:\Google\魔兽争霸\War3Project\Library\PackageCache\com.unity.visualscripting@1.8.0\Editor\VisualScripting.Core\Dependencies\DotNetZip\Unity.VisualScripting.IonicZip.dll
- Loaded All Assemblies, in  0.502 seconds
Refreshing native plugins compatible for Editor in 0.34 ms, found 3 plugins.
Native extension for Android target not found
Native extension for WindowsStandalone target not found
Mono: successfully reloaded assembly
- Finished resetting the current domain, in  0.645 seconds
Domain Reload Profiling: 1149ms
	BeginReloadAssembly (183ms)
		ExecutionOrderSort (0ms)
		DisableScriptedObjects (5ms)
		BackupInstance (0ms)
		ReleaseScriptingObjects (0ms)
		CreateAndSetChildDomain (34ms)
	RebuildCommonClasses (32ms)
	RebuildNativeTypeToScriptingClass (12ms)
	initialDomainReloadingComplete (21ms)
	LoadAllAssembliesAndSetupDomain (256ms)
		LoadAssemblies (282ms)
		RebuildTransferFunctionScriptingTraits (0ms)
		AnalyzeDomain (89ms)
			TypeCache.Refresh (6ms)
				TypeCache.ScanAssembly (0ms)
			BuildScriptInfoCaches (77ms)
			ResolveRequiredComponents (3ms)
	FinalizeReload (645ms)
		ReleaseScriptCaches (0ms)
		RebuildScriptCaches (0ms)
		SetupLoadedEditorAssemblies (460ms)
			LogAssemblyErrors (0ms)
			InitializePlatformSupportModulesInManaged (16ms)
			SetLoadedEditorAssemblies (3ms)
			BeforeProcessingInitializeOnLoad (25ms)
			ProcessInitializeOnLoadAttributes (390ms)
			ProcessInitializeOnLoadMethodAttributes (23ms)
			AfterProcessingInitializeOnLoad (2ms)
			EditorAssembliesLoaded (0ms)
		ExecutionOrderSort2 (0ms)
		AwakeInstancesAfterBackupRestoration (10ms)
Refreshing native plugins compatible for Editor in 0.87 ms, found 3 plugins.
Preloading 0 native plugins for Editor in 0.00 ms.
Unloading 0 Unused Serialized files (Serialized files now loaded: 0)
Unloading 3062 unused Assets / (1.1 MB). Loaded Objects now: 3641.
Memory consumption went from 123.5 MB to 122.5 MB.
Total: 6.476400 ms (FindLiveObjects: 0.446500 ms CreateObjectMapping: 0.530800 ms MarkObjects: 4.511300 ms  DeleteObjects: 0.985800 ms)

Prepare: number of updated asset objects reloaded= 0
========================================================================
Received Prepare
Begin MonoManager ReloadAssembly
C:\build\output\Unity-Technologies\mono\mono\metadata\icall.c:1842:
C:\build\output\Unity-Technologies\mono\mono\metadata\icall.c:1842:
C:\build\output\Unity-Technologies\mono\mono\metadata\icall.c:1842:
C:\build\output\Unity-Technologies\mono\mono\metadata\icall.c:1842:
C:\build\output\Unity-Technologies\mono\mono\metadata\icall.c:1842:
C:\build\output\Unity-Technologies\mono\mono\metadata\icall.c:1842:
C:\build\output\Unity-Technologies\mono\mono\metadata\icall.c:1842:
C:\build\output\Unity-Technologies\mono\mono\metadata\icall.c:1842:
C:\build\output\Unity-Technologies\mono\mono\metadata\icall.c:1842:
C:\build\output\Unity-Technologies\mono\mono\metadata\icall.c:1842:
C:\build\output\Unity-Technologies\mono\mono\metadata\icall.c:1842:
C:\build\output\Unity-Technologies\mono\mono\metadata\icall.c:1842:
Symbol file LoadedFromMemory doesn't match image A:\Google\魔兽争霸\War3Project\Library\PackageCache\com.unity.visualscripting@1.8.0\Editor\VisualScripting.Core\Dependencies\YamlDotNet\Unity.VisualScripting.YamlDotNet.dll
Symbol file LoadedFromMemory doesn't match image A:\Google\魔兽争霸\War3Project\Library\PackageCache\com.unity.visualscripting@1.8.0\Editor\VisualScripting.Core\Dependencies\DotNetZip\Unity.VisualScripting.IonicZip.dll
- Loaded All Assemblies, in  0.747 seconds
Refreshing native plugins compatible for Editor in 0.96 ms, found 3 plugins.
Native extension for Android target not found
Native extension for WindowsStandalone target not found
Mono: successfully reloaded assembly
- Finished resetting the current domain, in  1.049 seconds
Domain Reload Profiling: 1798ms
	BeginReloadAssembly (237ms)
		ExecutionOrderSort (0ms)
		DisableScriptedObjects (7ms)
		BackupInstance (0ms)
		ReleaseScriptingObjects (0ms)
		CreateAndSetChildDomain (41ms)
	RebuildCommonClasses (63ms)
	RebuildNativeTypeToScriptingClass (21ms)
	initialDomainReloadingComplete (34ms)
	LoadAllAssembliesAndSetupDomain (393ms)
		LoadAssemblies (412ms)
		RebuildTransferFunctionScriptingTraits (0ms)
		AnalyzeDomain (126ms)
			TypeCache.Refresh (8ms)
				TypeCache.ScanAssembly (0ms)
			BuildScriptInfoCaches (109ms)
			ResolveRequiredComponents (5ms)
	FinalizeReload (1050ms)
		ReleaseScriptCaches (0ms)
		RebuildScriptCaches (0ms)
		SetupLoadedEditorAssemblies (746ms)
			LogAssemblyErrors (0ms)
			InitializePlatformSupportModulesInManaged (35ms)
			SetLoadedEditorAssemblies (7ms)
			BeforeProcessingInitializeOnLoad (56ms)
			ProcessInitializeOnLoadAttributes (620ms)
			ProcessInitializeOnLoadMethodAttributes (26ms)
			AfterProcessingInitializeOnLoad (2ms)
			EditorAssembliesLoaded (0ms)
		ExecutionOrderSort2 (0ms)
		AwakeInstancesAfterBackupRestoration (10ms)
Refreshing native plugins compatible for Editor in 0.72 ms, found 3 plugins.
Preloading 0 native plugins for Editor in 0.00 ms.
Unloading 0 Unused Serialized files (Serialized files now loaded: 0)
Unloading 3062 unused Assets / (0.7 MB). Loaded Objects now: 3641.
Memory consumption went from 125.5 MB to 124.7 MB.
Total: 6.689200 ms (FindLiveObjects: 0.386500 ms CreateObjectMapping: 0.174900 ms MarkObjects: 5.202500 ms  DeleteObjects: 0.923600 ms)

Prepare: number of updated asset objects reloaded= 0
AssetImportWorkerClient::OnTransportError - code=10054 error=Զǿȹرһеӡ
